
--- Begin Log Session Sunday, 2016-06-26 13:00:35 ---
Anti TCC 2009 Release 6 Server IP: 81.30.148.29:31100
Fair-Gamers UT2004 »BombingRun« Server #11
[2016-06-26 13:00:35]  
[2016-06-26 13:00:35] ==================================================
[2016-06-26 13:00:35]  Anti TCC 2009 Release 6 build 2010-01-08 17:52
[2016-06-26 13:00:35]  Copyright (c) 2003-2009 Wormbo
[2016-06-26 13:00:35] ==================================================
[2016-06-26 13:00:35]  
[2016-06-26 13:00:35]  * Using secured console
[2016-06-26 13:00:35]  * Welcome on Fair-Gamers UT2004 »BombingRun« Server #11
[2016-06-26 13:00:35]  * The server admin is FG> (www.fair-gamers.com-->contact)
[2016-06-26 13:00:35]  * Your unique ID is [ 918aff00-596bc334-67ea17e6-7d45029d ]
[2016-06-26 13:00:35]  * Player ID logging is enabled
[2016-06-26 13:00:35]  * Check Timeout: 60 seconds
[2016-06-26 13:00:35]  * Reaction to insecurities: Kick
[2016-06-26 13:00:35]  * Reaction to blacklisted files and classes: SessionBan
[2016-06-26 13:00:35]  * Reaction to modified skins: Kick
[2016-06-26 13:00:35]  * Reaction to invalid render settings: Message
[2016-06-26 13:00:35]  * Reaction to Temporary Console commands: Message
[2016-06-26 13:00:35]  * Reaction to annoyances: Kick
[2016-06-26 13:00:35]  * Anti TCC is running in single MD5 mode
[2016-06-26 13:00:35]  * Audio rolloff is locked at 0.40
[2016-06-26 13:00:35]  * FOV is NOT locked
[2016-06-26 13:00:39]  * Verified AntiTCC2009r6 (default)
[2016-06-26 13:00:41]  * Verified Core (default)
[2016-06-26 13:00:41]  * Verified Engine (default)
[2016-06-26 13:00:41]  * Verified XInterface (default)
[2016-06-26 13:00:42]  * Verified UnrealGame (default)
[2016-06-26 13:00:42]  * Verified XGame (default)
[2016-06-26 13:01:05]  * Verified UTCompv17a
[2016-06-26 13:01:06]  * Verified AntiTCC2009r6
[2016-06-26 13:01:07]  * Verifying classes...
[2016-06-26 13:01:19] You have been validated successfully.

--- Begin Log Session Sunday, 2016-06-26 13:22:38 ---
Anti TCC 2009 Release 6 Server IP: 81.30.148.29:31100
Fair-Gamers UT2004 »BombingRun« Server #11
[2016-06-26 13:22:38]  
[2016-06-26 13:22:38] ==================================================
[2016-06-26 13:22:38]  Anti TCC 2009 Release 6 build 2010-01-08 17:52
[2016-06-26 13:22:38]  Copyright (c) 2003-2009 Wormbo
[2016-06-26 13:22:38] ==================================================
[2016-06-26 13:22:38]  
[2016-06-26 13:22:38]  * Using secured console
[2016-06-26 13:22:38]  * Welcome on Fair-Gamers UT2004 »BombingRun« Server #11
[2016-06-26 13:22:38]  * The server admin is FG> (www.fair-gamers.com-->contact)
[2016-06-26 13:22:38]  * Your unique ID is [ 918aff00-596bc334-67ea17e6-7d45029d ]
[2016-06-26 13:22:38]  * Player ID logging is enabled
[2016-06-26 13:22:38]  * Check Timeout: 60 seconds
[2016-06-26 13:22:38]  * Reaction to insecurities: Kick
[2016-06-26 13:22:38]  * Reaction to blacklisted files and classes: SessionBan
[2016-06-26 13:22:38]  * Reaction to modified skins: Kick
[2016-06-26 13:22:38]  * Reaction to invalid render settings: Message
[2016-06-26 13:22:38]  * Reaction to Temporary Console commands: Message
[2016-06-26 13:22:38]  * Reaction to annoyances: Kick
[2016-06-26 13:22:38]  * Anti TCC is running in single MD5 mode
[2016-06-26 13:22:38]  * Audio rolloff is locked at 0.40
[2016-06-26 13:22:38]  * FOV is NOT locked
[2016-06-26 13:22:43]  * Verified AntiTCC2009r6 (default)
[2016-06-26 13:22:44]  * Verified Core (default)
[2016-06-26 13:22:44]  * Verified Engine (default)
[2016-06-26 13:22:45]  * Verified XInterface (default)
[2016-06-26 13:22:45]  * Verified UnrealGame (default)
[2016-06-26 13:22:45]  * Verified XGame (default)
[2016-06-26 13:23:08]  * Verified UTCompv17a
[2016-06-26 13:23:09]  * Verified AntiTCC2009r6
[2016-06-26 13:23:10]  * Verifying classes...
[2016-06-26 13:23:24] You have been validated successfully.

--- Begin Log Session Sunday, 2016-06-26 13:45:58 ---
Anti TCC 2009 Release 6 Server IP: 81.30.148.29:31100
Fair-Gamers UT2004 »BombingRun« Server #11
[2016-06-26 13:45:58]  
[2016-06-26 13:45:58] ==================================================
[2016-06-26 13:45:58]  Anti TCC 2009 Release 6 build 2010-01-08 17:52
[2016-06-26 13:45:58]  Copyright (c) 2003-2009 Wormbo
[2016-06-26 13:45:58] ==================================================
[2016-06-26 13:45:58]  
[2016-06-26 13:45:58]  * Using secured console
[2016-06-26 13:45:58]  * Welcome on Fair-Gamers UT2004 »BombingRun« Server #11
[2016-06-26 13:45:58]  * The server admin is FG> (www.fair-gamers.com-->contact)
[2016-06-26 13:45:58]  * Your unique ID is [ 918aff00-596bc334-67ea17e6-7d45029d ]
[2016-06-26 13:45:58]  * Player ID logging is enabled
[2016-06-26 13:45:58]  * Check Timeout: 60 seconds
[2016-06-26 13:45:58]  * Reaction to insecurities: Kick
[2016-06-26 13:45:58]  * Reaction to blacklisted files and classes: SessionBan
[2016-06-26 13:45:58]  * Reaction to modified skins: Kick
[2016-06-26 13:45:58]  * Reaction to invalid render settings: Message
[2016-06-26 13:45:58]  * Reaction to Temporary Console commands: Message
[2016-06-26 13:45:58]  * Reaction to annoyances: Kick
[2016-06-26 13:45:58]  * Anti TCC is running in single MD5 mode
[2016-06-26 13:45:58]  * Audio rolloff is locked at 0.40
[2016-06-26 13:45:58]  * FOV is NOT locked
[2016-06-26 13:46:03]  * Verified AntiTCC2009r6 (default)
[2016-06-26 13:46:04]  * Verified Core (default)
[2016-06-26 13:46:04]  * Verified Engine (default)
[2016-06-26 13:46:05]  * Verified XInterface (default)
[2016-06-26 13:46:05]  * Verified UnrealGame (default)
[2016-06-26 13:46:05]  * Verified XGame (default)
[2016-06-26 13:46:28]  * Verified UTCompv17a
[2016-06-26 13:46:29]  * Verified AntiTCC2009r6
[2016-06-26 13:46:30]  * Verifying classes...
[2016-06-26 13:46:45] You have been validated successfully.

--- Begin Log Session Sunday, 2016-06-26 14:10:45 ---
Anti TCC 2009 Release 6 Server IP: 81.30.148.29:31100
Fair-Gamers UT2004 »BombingRun« Server #11
[2016-06-26 14:10:45]  
[2016-06-26 14:10:45] ==================================================
[2016-06-26 14:10:45]  Anti TCC 2009 Release 6 build 2010-01-08 17:52
[2016-06-26 14:10:45]  Copyright (c) 2003-2009 Wormbo
[2016-06-26 14:10:45] ==================================================
[2016-06-26 14:10:45]  
[2016-06-26 14:10:45]  * Using secured console
[2016-06-26 14:10:45]  * Welcome on Fair-Gamers UT2004 »BombingRun« Server #11
[2016-06-26 14:10:45]  * The server admin is FG> (www.fair-gamers.com-->contact)
[2016-06-26 14:10:45]  * Your unique ID is [ 918aff00-596bc334-67ea17e6-7d45029d ]
[2016-06-26 14:10:45]  * Player ID logging is enabled
[2016-06-26 14:10:45]  * Check Timeout: 60 seconds
[2016-06-26 14:10:45]  * Reaction to insecurities: Kick
[2016-06-26 14:10:45]  * Reaction to blacklisted files and classes: SessionBan
[2016-06-26 14:10:45]  * Reaction to modified skins: Kick
[2016-06-26 14:10:45]  * Reaction to invalid render settings: Message
[2016-06-26 14:10:45]  * Reaction to Temporary Console commands: Message
[2016-06-26 14:10:45]  * Reaction to annoyances: Kick
[2016-06-26 14:10:45]  * Anti TCC is running in single MD5 mode
[2016-06-26 14:10:45]  * Audio rolloff is locked at 0.40
[2016-06-26 14:10:45]  * FOV is NOT locked
[2016-06-26 14:10:51]  * Verified AntiTCC2009r6 (default)
[2016-06-26 14:10:52]  * Verified Core (default)
[2016-06-26 14:10:52]  * Verified Engine (default)
[2016-06-26 14:10:53]  * Verified XInterface (default)
[2016-06-26 14:10:53]  * Verified UnrealGame (default)
[2016-06-26 14:10:54]  * Verified XGame (default)
[2016-06-26 14:11:17]  * Verified UTCompv17a
[2016-06-26 14:11:18]  * Verified AntiTCC2009r6
[2016-06-26 14:11:18]  * Verifying classes...
[2016-06-26 14:11:35] You have been validated successfully.

--- Begin Log Session Sunday, 2016-06-26 14:34:05 ---
Anti TCC 2009 Release 6 Server IP: 81.30.148.29:31100
Fair-Gamers UT2004 »BombingRun« Server #11
[2016-06-26 14:34:05]  
[2016-06-26 14:34:05] ==================================================
[2016-06-26 14:34:05]  Anti TCC 2009 Release 6 build 2010-01-08 17:52
[2016-06-26 14:34:05]  Copyright (c) 2003-2009 Wormbo
[2016-06-26 14:34:05] ==================================================
[2016-06-26 14:34:05]  
[2016-06-26 14:34:05]  * Using secured console
[2016-06-26 14:34:05]  * Welcome on Fair-Gamers UT2004 »BombingRun« Server #11
[2016-06-26 14:34:05]  * The server admin is FG> (www.fair-gamers.com-->contact)
[2016-06-26 14:34:05]  * Your unique ID is [ 918aff00-596bc334-67ea17e6-7d45029d ]
[2016-06-26 14:34:05]  * Player ID logging is enabled
[2016-06-26 14:34:05]  * Check Timeout: 60 seconds
[2016-06-26 14:34:05]  * Reaction to insecurities: Kick
[2016-06-26 14:34:05]  * Reaction to blacklisted files and classes: SessionBan
[2016-06-26 14:34:05]  * Reaction to modified skins: Kick
[2016-06-26 14:34:05]  * Reaction to invalid render settings: Message
[2016-06-26 14:34:05]  * Reaction to Temporary Console commands: Message
[2016-06-26 14:34:05]  * Reaction to annoyances: Kick
[2016-06-26 14:34:05]  * Anti TCC is running in single MD5 mode
[2016-06-26 14:34:05]  * Audio rolloff is locked at 0.40
[2016-06-26 14:34:05]  * FOV is NOT locked
[2016-06-26 14:34:11]  * Verified AntiTCC2009r6 (default)
[2016-06-26 14:34:12]  * Verified Core (default)
[2016-06-26 14:34:13]  * Verified Engine (default)
[2016-06-26 14:34:13]  * Verified XInterface (default)
[2016-06-26 14:34:13]  * Verified UnrealGame (default)
[2016-06-26 14:34:14]  * Verified XGame (default)
[2016-06-26 14:34:37]  * Verified UTCompv17a
[2016-06-26 14:34:38]  * Verified AntiTCC2009r6
[2016-06-26 14:34:38]  * Verifying classes...
[2016-06-26 14:34:55] You have been validated successfully.

--- Begin Log Session Sunday, 2016-07-10 13:34:36 ---
Anti TCC 2009 Release 6 Server IP: 81.30.148.29:31100
Fair-Gamers UT2004 »BombingRun« Server #11
[2016-07-10 13:34:36]  
[2016-07-10 13:34:36] ==================================================
[2016-07-10 13:34:36]  Anti TCC 2009 Release 6 build 2010-01-08 17:52
[2016-07-10 13:34:36]  Copyright (c) 2003-2009 Wormbo
[2016-07-10 13:34:36] ==================================================
[2016-07-10 13:34:36]  
[2016-07-10 13:34:36]  * Using secured console
[2016-07-10 13:34:36]  * Welcome on Fair-Gamers UT2004 »BombingRun« Server #11
[2016-07-10 13:34:36]  * The server admin is FG> (www.fair-gamers.com-->contact)
[2016-07-10 13:34:36]  * Your unique ID is [ 918aff00-596bc334-67ea17e6-7d45029d ]
[2016-07-10 13:34:36]  * Player ID logging is enabled
[2016-07-10 13:34:36]  * Check Timeout: 60 seconds
[2016-07-10 13:34:36]  * Reaction to insecurities: Kick
[2016-07-10 13:34:36]  * Reaction to blacklisted files and classes: SessionBan
[2016-07-10 13:34:36]  * Reaction to modified skins: Kick
[2016-07-10 13:34:36]  * Reaction to invalid render settings: Message
[2016-07-10 13:34:36]  * Reaction to Temporary Console commands: Message
[2016-07-10 13:34:36]  * Reaction to annoyances: Kick
[2016-07-10 13:34:36]  * Anti TCC is running in single MD5 mode
[2016-07-10 13:34:36]  * Audio rolloff is locked at 0.40
[2016-07-10 13:34:36]  * FOV is NOT locked
[2016-07-10 13:34:41]  * Verified AntiTCC2009r6 (default)
[2016-07-10 13:34:42]  * Verified Core (default)
[2016-07-10 13:34:42]  * Verified Engine (default)
[2016-07-10 13:34:43]  * Verified XInterface (default)
[2016-07-10 13:34:43]  * Verified UnrealGame (default)
[2016-07-10 13:34:43]  * Verified XGame (default)
[2016-07-10 13:35:06]  * Verified UTCompv17a
[2016-07-10 13:35:07]  * Verified AntiTCC2009r6
[2016-07-10 13:35:08]  * Verifying classes...
[2016-07-10 13:35:21] You have been validated successfully.

--- Begin Log Session Sunday, 2016-07-10 13:41:13 ---
Anti TCC 2009 Release 6 Server IP: 81.30.148.29:31100
Fair-Gamers UT2004 »BombingRun« Server #11
[2016-07-10 13:41:13]  * Checks aborted due to end of game

--- Begin Log Session Sunday, 2016-07-10 13:41:27 ---
Anti TCC 2009 Release 6 Server IP: 81.30.148.29:31100
Fair-Gamers UT2004 »BombingRun« Server #11
[2016-07-10 13:41:27]  
[2016-07-10 13:41:27] ==================================================
[2016-07-10 13:41:27]  Anti TCC 2009 Release 6 build 2010-01-08 17:52
[2016-07-10 13:41:27]  Copyright (c) 2003-2009 Wormbo
[2016-07-10 13:41:27] ==================================================
[2016-07-10 13:41:27]  
[2016-07-10 13:41:27]  * Using secured console
[2016-07-10 13:41:27]  * Welcome on Fair-Gamers UT2004 »BombingRun« Server #11
[2016-07-10 13:41:27]  * The server admin is FG> (www.fair-gamers.com-->contact)
[2016-07-10 13:41:27]  * Your unique ID is [ 918aff00-596bc334-67ea17e6-7d45029d ]
[2016-07-10 13:41:27]  * Player ID logging is enabled
[2016-07-10 13:41:27]  * Check Timeout: 60 seconds
[2016-07-10 13:41:27]  * Reaction to insecurities: Kick
[2016-07-10 13:41:27]  * Reaction to blacklisted files and classes: SessionBan
[2016-07-10 13:41:27]  * Reaction to modified skins: Kick
[2016-07-10 13:41:27]  * Reaction to invalid render settings: Message
[2016-07-10 13:41:27]  * Reaction to Temporary Console commands: Message
[2016-07-10 13:41:27]  * Reaction to annoyances: Kick
[2016-07-10 13:41:27]  * Anti TCC is running in single MD5 mode
[2016-07-10 13:41:27]  * Audio rolloff is locked at 0.40
[2016-07-10 13:41:27]  * FOV is NOT locked
[2016-07-10 13:41:32]  * Verified AntiTCC2009r6 (default)
[2016-07-10 13:41:33]  * Verified Core (default)
[2016-07-10 13:41:34]  * Verified Engine (default)
[2016-07-10 13:41:34]  * Verified XInterface (default)
[2016-07-10 13:41:34]  * Verified UnrealGame (default)
[2016-07-10 13:41:35]  * Verified XGame (default)
[2016-07-10 13:41:58]  * Verified UTCompv17a
[2016-07-10 13:41:59]  * Verified AntiTCC2009r6
[2016-07-10 13:42:00]  * Verifying classes...
[2016-07-10 13:42:13] You have been validated successfully.

--- Begin Log Session Sunday, 2016-07-10 14:04:48 ---
Anti TCC 2009 Release 6 Server IP: 81.30.148.29:31100
Fair-Gamers UT2004 »BombingRun« Server #11
[2016-07-10 14:04:48]  
[2016-07-10 14:04:48] ==================================================
[2016-07-10 14:04:48]  Anti TCC 2009 Release 6 build 2010-01-08 17:52
[2016-07-10 14:04:48]  Copyright (c) 2003-2009 Wormbo
[2016-07-10 14:04:48] ==================================================
[2016-07-10 14:04:48]  
[2016-07-10 14:04:48]  * Using secured console
[2016-07-10 14:04:48]  * Welcome on Fair-Gamers UT2004 »BombingRun« Server #11
[2016-07-10 14:04:48]  * The server admin is FG> (www.fair-gamers.com-->contact)
[2016-07-10 14:04:48]  * Your unique ID is [ 918aff00-596bc334-67ea17e6-7d45029d ]
[2016-07-10 14:04:48]  * Player ID logging is enabled
[2016-07-10 14:04:48]  * Check Timeout: 60 seconds
[2016-07-10 14:04:48]  * Reaction to insecurities: Kick
[2016-07-10 14:04:48]  * Reaction to blacklisted files and classes: SessionBan
[2016-07-10 14:04:48]  * Reaction to modified skins: Kick
[2016-07-10 14:04:48]  * Reaction to invalid render settings: Message
[2016-07-10 14:04:48]  * Reaction to Temporary Console commands: Message
[2016-07-10 14:04:48]  * Reaction to annoyances: Kick
[2016-07-10 14:04:48]  * Anti TCC is running in single MD5 mode
[2016-07-10 14:04:48]  * Audio rolloff is locked at 0.40
[2016-07-10 14:04:48]  * FOV is NOT locked
[2016-07-10 14:04:54]  * Verified AntiTCC2009r6 (default)
[2016-07-10 14:04:55]  * Verified Core (default)
[2016-07-10 14:04:55]  * Verified Engine (default)
[2016-07-10 14:04:56]  * Verified XInterface (default)
[2016-07-10 14:04:56]  * Verified UnrealGame (default)
[2016-07-10 14:04:56]  * Verified XGame (default)
[2016-07-10 14:05:19]  * Verified UTCompv17a
[2016-07-10 14:05:20]  * Verified AntiTCC2009r6
[2016-07-10 14:05:21]  * Verifying classes...
[2016-07-10 14:05:36] You have been validated successfully.

--- Begin Log Session Sunday, 2016-07-10 14:28:07 ---
Anti TCC 2009 Release 6 Server IP: 81.30.148.29:31100
Fair-Gamers UT2004 »BombingRun« Server #11
[2016-07-10 14:28:07]  
[2016-07-10 14:28:07] ==================================================
[2016-07-10 14:28:07]  Anti TCC 2009 Release 6 build 2010-01-08 17:52
[2016-07-10 14:28:07]  Copyright (c) 2003-2009 Wormbo
[2016-07-10 14:28:07] ==================================================
[2016-07-10 14:28:07]  
[2016-07-10 14:28:07]  * Using secured console
[2016-07-10 14:28:07]  * Welcome on Fair-Gamers UT2004 »BombingRun« Server #11
[2016-07-10 14:28:07]  * The server admin is FG> (www.fair-gamers.com-->contact)
[2016-07-10 14:28:07]  * Your unique ID is [ 918aff00-596bc334-67ea17e6-7d45029d ]
[2016-07-10 14:28:07]  * Player ID logging is enabled
[2016-07-10 14:28:07]  * Check Timeout: 60 seconds
[2016-07-10 14:28:07]  * Reaction to insecurities: Kick
[2016-07-10 14:28:07]  * Reaction to blacklisted files and classes: SessionBan
[2016-07-10 14:28:07]  * Reaction to modified skins: Kick
[2016-07-10 14:28:07]  * Reaction to invalid render settings: Message
[2016-07-10 14:28:07]  * Reaction to Temporary Console commands: Message
[2016-07-10 14:28:07]  * Reaction to annoyances: Kick
[2016-07-10 14:28:07]  * Anti TCC is running in single MD5 mode
[2016-07-10 14:28:07]  * Audio rolloff is locked at 0.40
[2016-07-10 14:28:07]  * FOV is NOT locked
[2016-07-10 14:28:12]  * Verified AntiTCC2009r6 (default)
[2016-07-10 14:28:14]  * Verified Core (default)
[2016-07-10 14:28:14]  * Verified Engine (default)
[2016-07-10 14:28:14]  * Verified XInterface (default)
[2016-07-10 14:28:15]  * Verified UnrealGame (default)
[2016-07-10 14:28:15]  * Verified XGame (default)
[2016-07-10 14:28:38]  * Verified UTCompv17a
[2016-07-10 14:28:39]  * Verified AntiTCC2009r6
[2016-07-10 14:28:40]  * Verifying classes...
[2016-07-10 14:28:56] You have been validated successfully.

--- Begin Log Session Sunday, 2016-07-10 14:51:15 ---
Anti TCC 2009 Release 6 Server IP: 81.30.148.29:31100

[2016-07-10 14:51:15]  
[2016-07-10 14:51:15] ==================================================
[2016-07-10 14:51:15]  Anti TCC 2009 Release 6 build 2010-01-08 17:52
[2016-07-10 14:51:15]  Copyright (c) 2003-2009 Wormbo
[2016-07-10 14:51:15] ==================================================
[2016-07-10 14:51:15]  
[2016-07-10 14:51:15]  * Using secured console
[2016-07-10 14:51:15]  * Welcome on 
[2016-07-10 14:51:15]  * Your unique ID is [ 918aff00-596bc334-67ea17e6-7d45029d ]
[2016-07-10 14:51:15]  * Player ID logging is enabled
[2016-07-10 14:51:15]  * Check Timeout: 60 seconds
[2016-07-10 14:51:15]  * Reaction to insecurities: Kick
[2016-07-10 14:51:15]  * Reaction to blacklisted files and classes: SessionBan
[2016-07-10 14:51:15]  * Reaction to modified skins: Kick
[2016-07-10 14:51:15]  * Reaction to invalid render settings: Message
[2016-07-10 14:51:15]  * Reaction to Temporary Console commands: Message
[2016-07-10 14:51:15]  * Reaction to annoyances: Kick
[2016-07-10 14:51:15]  * Anti TCC is running in single MD5 mode
[2016-07-10 14:51:15]  * Audio rolloff is locked at 0.40
[2016-07-10 14:51:15]  * FOV is NOT locked
[2016-07-10 14:51:20]  * Verified AntiTCC2009r6 (default)
[2016-07-10 14:51:22]  * Verified Core (default)
[2016-07-10 14:51:22]  * Verified Engine (default)
[2016-07-10 14:51:22]  * Verified XInterface (default)
[2016-07-10 14:51:23]  * Verified UnrealGame (default)
[2016-07-10 14:51:23]  * Verified XGame (default)
[2016-07-10 14:51:46]  * Verified UTCompv17a
[2016-07-10 14:51:47]  * Verified AntiTCC2009r6
[2016-07-10 14:51:48]  * Verifying classes...
[2016-07-10 14:52:04] You have been validated successfully.

--- Begin Log Session Sunday, 2016-07-10 15:14:35 ---
Anti TCC 2009 Release 6 Server IP: 81.30.148.29:31100
Fair-Gamers UT2004 »BombingRun« Server #11
[2016-07-10 15:14:35]  
[2016-07-10 15:14:35] ==================================================
[2016-07-10 15:14:35]  Anti TCC 2009 Release 6 build 2010-01-08 17:52
[2016-07-10 15:14:35]  Copyright (c) 2003-2009 Wormbo
[2016-07-10 15:14:35] ==================================================
[2016-07-10 15:14:35]  
[2016-07-10 15:14:35]  * Using secured console
[2016-07-10 15:14:35]  * Welcome on Fair-Gamers UT2004 »BombingRun« Server #11
[2016-07-10 15:14:35]  * The server admin is FG> (www.fair-gamers.com-->contact)
[2016-07-10 15:14:35]  * Your unique ID is [ 918aff00-596bc334-67ea17e6-7d45029d ]
[2016-07-10 15:14:35]  * Player ID logging is enabled
[2016-07-10 15:14:35]  * Check Timeout: 60 seconds
[2016-07-10 15:14:35]  * Reaction to insecurities: Kick
[2016-07-10 15:14:35]  * Reaction to blacklisted files and classes: SessionBan
[2016-07-10 15:14:35]  * Reaction to modified skins: Kick
[2016-07-10 15:14:35]  * Reaction to invalid render settings: Message
[2016-07-10 15:14:35]  * Reaction to Temporary Console commands: Message
[2016-07-10 15:14:35]  * Reaction to annoyances: Kick
[2016-07-10 15:14:35]  * Anti TCC is running in single MD5 mode
[2016-07-10 15:14:35]  * Audio rolloff is locked at 0.40
[2016-07-10 15:14:35]  * FOV is NOT locked
[2016-07-10 15:14:41]  * Verified AntiTCC2009r6 (default)
[2016-07-10 15:14:42]  * Verified Core (default)
[2016-07-10 15:14:42]  * Verified Engine (default)
[2016-07-10 15:14:43]  * Verified XInterface (default)
[2016-07-10 15:14:43]  * Verified UnrealGame (default)
[2016-07-10 15:14:43]  * Verified XGame (default)
[2016-07-10 15:15:06]  * Verified UTCompv17a
[2016-07-10 15:15:07]  * Verified AntiTCC2009r6
[2016-07-10 15:15:08]  * Verifying classes...
[2016-07-10 15:15:26] You have been validated successfully.

--- Begin Log Session Sunday, 2016-07-17 13:28:54 ---
Anti TCC 2009 Release 6 Server IP: 81.30.148.29:31100
Fair-Gamers UT2004 »BombingRun« Server #11
[2016-07-17 13:28:54]  * Checks aborted due to end of game

--- Begin Log Session Sunday, 2016-07-17 13:29:39 ---
Anti TCC 2009 Release 6 Server IP: 81.30.148.29:31100

[2016-07-17 13:29:39]  
[2016-07-17 13:29:39] ==================================================
[2016-07-17 13:29:39]  Anti TCC 2009 Release 6 build 2010-01-08 17:52
[2016-07-17 13:29:39]  Copyright (c) 2003-2009 Wormbo
[2016-07-17 13:29:39] ==================================================
[2016-07-17 13:29:39]  
[2016-07-17 13:29:39]  * Using secured console
[2016-07-17 13:29:39]  * Welcome on 
[2016-07-17 13:29:39]  * Your unique ID is [ 918aff00-596bc334-67ea17e6-7d45029d ]
[2016-07-17 13:29:39]  * Player ID logging is enabled
[2016-07-17 13:29:39]  * Check Timeout: 60 seconds
[2016-07-17 13:29:39]  * Reaction to insecurities: Kick
[2016-07-17 13:29:39]  * Reaction to blacklisted files and classes: SessionBan
[2016-07-17 13:29:39]  * Reaction to modified skins: Kick
[2016-07-17 13:29:39]  * Reaction to invalid render settings: Message
[2016-07-17 13:29:39]  * Reaction to Temporary Console commands: Message
[2016-07-17 13:29:39]  * Reaction to annoyances: Kick
[2016-07-17 13:29:39]  * Anti TCC is running in single MD5 mode
[2016-07-17 13:29:39]  * Audio rolloff is locked at 0.40
[2016-07-17 13:29:39]  * FOV is NOT locked
[2016-07-17 13:29:44]  * Verified AntiTCC2009r6 (default)
[2016-07-17 13:29:45]  * Verified Core (default)
[2016-07-17 13:29:45]  * Verified Engine (default)
[2016-07-17 13:29:46]  * Verified XInterface (default)
[2016-07-17 13:29:46]  * Verified UnrealGame (default)
[2016-07-17 13:29:46]  * Verified XGame (default)
[2016-07-17 13:30:09]  * Verified UTCompv17a
[2016-07-17 13:30:10]  * Verified AntiTCC2009r6
[2016-07-17 13:30:11]  * Verifying classes...
[2016-07-17 13:30:26] You have been validated successfully.

--- Begin Log Session Sunday, 2016-07-17 13:52:58 ---
Anti TCC 2009 Release 6 Server IP: 81.30.148.29:31100
Fair-Gamers UT2004 »BombingRun« Server #11
[2016-07-17 13:52:58]  
[2016-07-17 13:52:58] ==================================================
[2016-07-17 13:52:58]  Anti TCC 2009 Release 6 build 2010-01-08 17:52
[2016-07-17 13:52:58]  Copyright (c) 2003-2009 Wormbo
[2016-07-17 13:52:58] ==================================================
[2016-07-17 13:52:58]  
[2016-07-17 13:52:58]  * Using secured console
[2016-07-17 13:52:58]  * Welcome on Fair-Gamers UT2004 »BombingRun« Server #11
[2016-07-17 13:52:58]  * The server admin is FG> (www.fair-gamers.com-->contact)
[2016-07-17 13:52:58]  * Your unique ID is [ 918aff00-596bc334-67ea17e6-7d45029d ]
[2016-07-17 13:52:58]  * Player ID logging is enabled
[2016-07-17 13:52:58]  * Check Timeout: 60 seconds
[2016-07-17 13:52:58]  * Reaction to insecurities: Kick
[2016-07-17 13:52:58]  * Reaction to blacklisted files and classes: SessionBan
[2016-07-17 13:52:58]  * Reaction to modified skins: Kick
[2016-07-17 13:52:58]  * Reaction to invalid render settings: Message
[2016-07-17 13:52:58]  * Reaction to Temporary Console commands: Message
[2016-07-17 13:52:58]  * Reaction to annoyances: Kick
[2016-07-17 13:52:58]  * Anti TCC is running in single MD5 mode
[2016-07-17 13:52:58]  * Audio rolloff is locked at 0.40
[2016-07-17 13:52:58]  * FOV is NOT locked
[2016-07-17 13:53:03]  * Verified AntiTCC2009r6 (default)
[2016-07-17 13:53:04]  * Verified Core (default)
[2016-07-17 13:53:05]  * Verified Engine (default)
[2016-07-17 13:53:05]  * Verified XInterface (default)
[2016-07-17 13:53:05]  * Verified UnrealGame (default)
[2016-07-17 13:53:06]  * Verified XGame (default)
[2016-07-17 13:53:29]  * Verified UTCompv17a
[2016-07-17 13:53:30]  * Verified AntiTCC2009r6
[2016-07-17 13:53:31]  * Verifying classes...
[2016-07-17 13:53:45] You have been validated successfully.

--- Begin Log Session Sunday, 2016-07-17 14:16:18 ---
Anti TCC 2009 Release 6 Server IP: 81.30.148.29:31100
Fair-Gamers UT2004 »BombingRun« Server #11
[2016-07-17 14:16:18]  
[2016-07-17 14:16:18] ==================================================
[2016-07-17 14:16:18]  Anti TCC 2009 Release 6 build 2010-01-08 17:52
[2016-07-17 14:16:18]  Copyright (c) 2003-2009 Wormbo
[2016-07-17 14:16:18] ==================================================
[2016-07-17 14:16:18]  
[2016-07-17 14:16:18]  * Using secured console
[2016-07-17 14:16:18]  * Welcome on Fair-Gamers UT2004 »BombingRun« Server #11
[2016-07-17 14:16:18]  * The server admin is FG> (www.fair-gamers.com-->contact)
[2016-07-17 14:16:18]  * Your unique ID is [ 918aff00-596bc334-67ea17e6-7d45029d ]
[2016-07-17 14:16:18]  * Player ID logging is enabled
[2016-07-17 14:16:18]  * Check Timeout: 60 seconds
[2016-07-17 14:16:18]  * Reaction to insecurities: Kick
[2016-07-17 14:16:18]  * Reaction to blacklisted files and classes: SessionBan
[2016-07-17 14:16:18]  * Reaction to modified skins: Kick
[2016-07-17 14:16:18]  * Reaction to invalid render settings: Message
[2016-07-17 14:16:18]  * Reaction to Temporary Console commands: Message
[2016-07-17 14:16:18]  * Reaction to annoyances: Kick
[2016-07-17 14:16:18]  * Anti TCC is running in single MD5 mode
[2016-07-17 14:16:18]  * Audio rolloff is locked at 0.40
[2016-07-17 14:16:18]  * FOV is NOT locked
[2016-07-17 14:16:23]  * Verified AntiTCC2009r6 (default)
[2016-07-17 14:16:25]  * Verified Core (default)
[2016-07-17 14:16:25]  * Verified Engine (default)
[2016-07-17 14:16:25]  * Verified XInterface (default)
[2016-07-17 14:16:26]  * Verified UnrealGame (default)
[2016-07-17 14:16:26]  * Verified XGame (default)
[2016-07-17 14:16:49]  * Verified UTCompv17a
[2016-07-17 14:16:50]  * Verified AntiTCC2009r6
[2016-07-17 14:16:51]  * Verifying classes...
[2016-07-17 14:17:07] You have been validated successfully.

--- Begin Log Session Sunday, 2016-07-17 14:39:38 ---
Anti TCC 2009 Release 6 Server IP: 81.30.148.29:31100
Fair-Gamers UT2004 »BombingRun« Server #11
[2016-07-17 14:39:38]  
[2016-07-17 14:39:38] ==================================================
[2016-07-17 14:39:38]  Anti TCC 2009 Release 6 build 2010-01-08 17:52
[2016-07-17 14:39:38]  Copyright (c) 2003-2009 Wormbo
[2016-07-17 14:39:38] ==================================================
[2016-07-17 14:39:38]  
[2016-07-17 14:39:38]  * Using secured console
[2016-07-17 14:39:38]  * Welcome on Fair-Gamers UT2004 »BombingRun« Server #11
[2016-07-17 14:39:38]  * The server admin is FG> (www.fair-gamers.com-->contact)
[2016-07-17 14:39:38]  * Your unique ID is [ 918aff00-596bc334-67ea17e6-7d45029d ]
[2016-07-17 14:39:38]  * Player ID logging is enabled
[2016-07-17 14:39:38]  * Check Timeout: 60 seconds
[2016-07-17 14:39:38]  * Reaction to insecurities: Kick
[2016-07-17 14:39:38]  * Reaction to blacklisted files and classes: SessionBan
[2016-07-17 14:39:38]  * Reaction to modified skins: Kick
[2016-07-17 14:39:38]  * Reaction to invalid render settings: Message
[2016-07-17 14:39:38]  * Reaction to Temporary Console commands: Message
[2016-07-17 14:39:38]  * Reaction to annoyances: Kick
[2016-07-17 14:39:38]  * Anti TCC is running in single MD5 mode
[2016-07-17 14:39:38]  * Audio rolloff is locked at 0.40
[2016-07-17 14:39:38]  * FOV is NOT locked
[2016-07-17 14:39:43]  * Verified AntiTCC2009r6 (default)
[2016-07-17 14:39:45]  * Verified Core (default)
[2016-07-17 14:39:45]  * Verified Engine (default)
[2016-07-17 14:39:46]  * Verified XInterface (default)
[2016-07-17 14:39:46]  * Verified UnrealGame (default)
[2016-07-17 14:39:46]  * Verified XGame (default)
[2016-07-17 14:40:09]  * Verified UTCompv17a
[2016-07-17 14:40:10]  * Verified AntiTCC2009r6
[2016-07-17 14:40:11]  * Verifying classes...
[2016-07-17 14:40:29] You have been validated successfully.

--- Begin Log Session Sunday, 2016-07-17 15:02:58 ---
Anti TCC 2009 Release 6 Server IP: 81.30.148.29:31100
Fair-Gamers UT2004 »BombingRun« Server #11
[2016-07-17 15:02:58]  
[2016-07-17 15:02:58] ==================================================
[2016-07-17 15:02:58]  Anti TCC 2009 Release 6 build 2010-01-08 17:52
[2016-07-17 15:02:58]  Copyright (c) 2003-2009 Wormbo
[2016-07-17 15:02:58] ==================================================
[2016-07-17 15:02:58]  
[2016-07-17 15:02:58]  * Using secured console
[2016-07-17 15:02:58]  * Welcome on Fair-Gamers UT2004 »BombingRun« Server #11
[2016-07-17 15:02:58]  * The server admin is FG> (www.fair-gamers.com-->contact)
[2016-07-17 15:02:58]  * Your unique ID is [ 918aff00-596bc334-67ea17e6-7d45029d ]
[2016-07-17 15:02:58]  * Player ID logging is enabled
[2016-07-17 15:02:58]  * Check Timeout: 60 seconds
[2016-07-17 15:02:58]  * Reaction to insecurities: Kick
[2016-07-17 15:02:58]  * Reaction to blacklisted files and classes: SessionBan
[2016-07-17 15:02:58]  * Reaction to modified skins: Kick
[2016-07-17 15:02:58]  * Reaction to invalid render settings: Message
[2016-07-17 15:02:58]  * Reaction to Temporary Console commands: Message
[2016-07-17 15:02:58]  * Reaction to annoyances: Kick
[2016-07-17 15:02:58]  * Anti TCC is running in single MD5 mode
[2016-07-17 15:02:58]  * Audio rolloff is locked at 0.40
[2016-07-17 15:02:58]  * FOV is NOT locked
[2016-07-17 15:03:04]  * Verified AntiTCC2009r6 (default)
[2016-07-17 15:03:05]  * Verified Core (default)
[2016-07-17 15:03:05]  * Verified Engine (default)
[2016-07-17 15:03:06]  * Verified XInterface (default)
[2016-07-17 15:03:06]  * Verified UnrealGame (default)
[2016-07-17 15:03:06]  * Verified XGame (default)
[2016-07-17 15:03:29]  * Verified UTCompv17a
[2016-07-17 15:03:30]  * Verified AntiTCC2009r6
[2016-07-17 15:03:31]  * Verifying classes...
[2016-07-17 15:03:49] You have been validated successfully.

--- Begin Log Session Sunday, 2016-07-31 13:10:37 ---
Anti TCC 2009 Release 6 Server IP: 81.30.148.29:31100
Fair-Gamers UT2004 »BombingRun« Server #11
[2016-07-31 13:10:37]  
[2016-07-31 13:10:37] ==================================================
[2016-07-31 13:10:37]  Anti TCC 2009 Release 6 build 2010-01-08 17:52
[2016-07-31 13:10:37]  Copyright (c) 2003-2009 Wormbo
[2016-07-31 13:10:37] ==================================================
[2016-07-31 13:10:37]  
[2016-07-31 13:10:37]  * Using secured console
[2016-07-31 13:10:37]  * Welcome on Fair-Gamers UT2004 »BombingRun« Server #11
[2016-07-31 13:10:37]  * The server admin is FG> (www.fair-gamers.com-->contact)
[2016-07-31 13:10:37]  * Your unique ID is [ 918aff00-596bc334-67ea17e6-7d45029d ]
[2016-07-31 13:10:37]  * Player ID logging is enabled
[2016-07-31 13:10:37]  * Check Timeout: 60 seconds
[2016-07-31 13:10:37]  * Reaction to insecurities: Kick
[2016-07-31 13:10:37]  * Reaction to blacklisted files and classes: SessionBan
[2016-07-31 13:10:37]  * Reaction to modified skins: Kick
[2016-07-31 13:10:37]  * Reaction to invalid render settings: Message
[2016-07-31 13:10:37]  * Reaction to Temporary Console commands: Message
[2016-07-31 13:10:37]  * Reaction to annoyances: Kick
[2016-07-31 13:10:37]  * Anti TCC is running in single MD5 mode
[2016-07-31 13:10:37]  * Audio rolloff is locked at 0.40
[2016-07-31 13:10:37]  * FOV is NOT locked
[2016-07-31 13:10:41]  * Verified AntiTCC2009r6 (default)
[2016-07-31 13:10:43]  * Verified Core (default)
[2016-07-31 13:10:43]  * Verified Engine (default)
[2016-07-31 13:10:43]  * Verified XInterface (default)
[2016-07-31 13:10:44]  * Verified UnrealGame (default)
[2016-07-31 13:10:44]  * Verified XGame (default)
[2016-07-31 13:11:08]  * Verified UTCompv17a
[2016-07-31 13:11:09]  * Verified AntiTCC2009r6
[2016-07-31 13:11:10]  * Verifying classes...
[2016-07-31 13:11:23] You have been validated successfully.

--- Begin Log Session Sunday, 2016-07-31 13:29:18 ---
Anti TCC 2009 Release 6 Server IP: 81.30.148.29:31100
Fair-Gamers UT2004 »BombingRun« Server #11
[2016-07-31 13:29:18]  
[2016-07-31 13:29:18] ==================================================
[2016-07-31 13:29:18]  Anti TCC 2009 Release 6 build 2010-01-08 17:52
[2016-07-31 13:29:18]  Copyright (c) 2003-2009 Wormbo
[2016-07-31 13:29:18] ==================================================
[2016-07-31 13:29:18]  
[2016-07-31 13:29:18]  * Using secured console
[2016-07-31 13:29:18]  * Welcome on Fair-Gamers UT2004 »BombingRun« Server #11
[2016-07-31 13:29:18]  * The server admin is FG> (www.fair-gamers.com-->contact)
[2016-07-31 13:29:18]  * Your unique ID is [ 918aff00-596bc334-67ea17e6-7d45029d ]
[2016-07-31 13:29:18]  * Player ID logging is enabled
[2016-07-31 13:29:18]  * Check Timeout: 60 seconds
[2016-07-31 13:29:18]  * Reaction to insecurities: Kick
[2016-07-31 13:29:18]  * Reaction to blacklisted files and classes: SessionBan
[2016-07-31 13:29:18]  * Reaction to modified skins: Kick
[2016-07-31 13:29:18]  * Reaction to invalid render settings: Message
[2016-07-31 13:29:18]  * Reaction to Temporary Console commands: Message
[2016-07-31 13:29:18]  * Reaction to annoyances: Kick
[2016-07-31 13:29:18]  * Anti TCC is running in single MD5 mode
[2016-07-31 13:29:18]  * Audio rolloff is locked at 0.40
[2016-07-31 13:29:18]  * FOV is NOT locked
[2016-07-31 13:29:23]  * Verified AntiTCC2009r6 (default)
[2016-07-31 13:29:24]  * Verified Core (default)
[2016-07-31 13:29:24]  * Verified Engine (default)
[2016-07-31 13:29:25]  * Verified XInterface (default)
[2016-07-31 13:29:25]  * Verified UnrealGame (default)
[2016-07-31 13:29:25]  * Verified XGame (default)
[2016-07-31 13:29:49]  * Verified UTCompv17a
[2016-07-31 13:29:50]  * Verified AntiTCC2009r6
[2016-07-31 13:29:51]  * Verifying classes...
[2016-07-31 13:30:05] You have been validated successfully.

--- Begin Log Session Sunday, 2016-07-31 13:40:37 ---
Anti TCC 2009 Release 6 Server IP: 81.30.148.29:31100
Fair-Gamers UT2004 »BombingRun« Server #11
[2016-07-31 13:40:37]  
[2016-07-31 13:40:37] ==================================================
[2016-07-31 13:40:37]  Anti TCC 2009 Release 6 build 2010-01-08 17:52
[2016-07-31 13:40:37]  Copyright (c) 2003-2009 Wormbo
[2016-07-31 13:40:37] ==================================================
[2016-07-31 13:40:37]  
[2016-07-31 13:40:37]  * Using secured console
[2016-07-31 13:40:37]  * Welcome on Fair-Gamers UT2004 »BombingRun« Server #11
[2016-07-31 13:40:37]  * The server admin is FG> (www.fair-gamers.com-->contact)
[2016-07-31 13:40:37]  * Your unique ID is [ 918aff00-596bc334-67ea17e6-7d45029d ]
[2016-07-31 13:40:37]  * Player ID logging is enabled
[2016-07-31 13:40:37]  * Check Timeout: 60 seconds
[2016-07-31 13:40:37]  * Reaction to insecurities: Kick
[2016-07-31 13:40:37]  * Reaction to blacklisted files and classes: SessionBan
[2016-07-31 13:40:37]  * Reaction to modified skins: Kick
[2016-07-31 13:40:37]  * Reaction to invalid render settings: Message
[2016-07-31 13:40:37]  * Reaction to Temporary Console commands: Message
[2016-07-31 13:40:37]  * Reaction to annoyances: Kick
[2016-07-31 13:40:37]  * Anti TCC is running in single MD5 mode
[2016-07-31 13:40:37]  * Audio rolloff is locked at 0.40
[2016-07-31 13:40:37]  * FOV is NOT locked
[2016-07-31 13:40:42]  * Verified AntiTCC2009r6 (default)
[2016-07-31 13:40:43]  * Verified Core (default)
[2016-07-31 13:40:44]  * Verified Engine (default)
[2016-07-31 13:40:44]  * Verified XInterface (default)
[2016-07-31 13:40:44]  * Verified UnrealGame (default)
[2016-07-31 13:40:45]  * Verified XGame (default)
[2016-07-31 13:41:08]  * Verified UTCompv17a
[2016-07-31 13:41:09]  * Verified AntiTCC2009r6
[2016-07-31 13:41:10]  * Verifying classes...
[2016-07-31 13:41:24] You have been validated successfully.

--- Begin Log Session Sunday, 2016-07-31 14:03:58 ---
Anti TCC 2009 Release 6 Server IP: 81.30.148.29:31100
Fair-Gamers UT2004 »BombingRun« Server #11
[2016-07-31 14:03:58]  
[2016-07-31 14:03:58] ==================================================
[2016-07-31 14:03:58]  Anti TCC 2009 Release 6 build 2010-01-08 17:52
[2016-07-31 14:03:58]  Copyright (c) 2003-2009 Wormbo
[2016-07-31 14:03:58] ==================================================
[2016-07-31 14:03:58]  
[2016-07-31 14:03:58]  * Using secured console
[2016-07-31 14:03:58]  * Welcome on Fair-Gamers UT2004 »BombingRun« Server #11
[2016-07-31 14:03:58]  * The server admin is FG> (www.fair-gamers.com-->contact)
[2016-07-31 14:03:58]  * Your unique ID is [ 918aff00-596bc334-67ea17e6-7d45029d ]
[2016-07-31 14:03:58]  * Player ID logging is enabled
[2016-07-31 14:03:58]  * Check Timeout: 60 seconds
[2016-07-31 14:03:58]  * Reaction to insecurities: Kick
[2016-07-31 14:03:58]  * Reaction to blacklisted files and classes: SessionBan
[2016-07-31 14:03:58]  * Reaction to modified skins: Kick
[2016-07-31 14:03:58]  * Reaction to invalid render settings: Message
[2016-07-31 14:03:58]  * Reaction to Temporary Console commands: Message
[2016-07-31 14:03:58]  * Reaction to annoyances: Kick
[2016-07-31 14:03:58]  * Anti TCC is running in single MD5 mode
[2016-07-31 14:03:58]  * Audio rolloff is locked at 0.40
[2016-07-31 14:03:58]  * FOV is NOT locked
[2016-07-31 14:04:04]  * Verified AntiTCC2009r6 (default)
[2016-07-31 14:04:05]  * Verified Core (default)
[2016-07-31 14:04:05]  * Verified Engine (default)
[2016-07-31 14:04:06]  * Verified XInterface (default)
[2016-07-31 14:04:06]  * Verified UnrealGame (default)
[2016-07-31 14:04:06]  * Verified XGame (default)
[2016-07-31 14:04:30]  * Verified UTCompv17a
[2016-07-31 14:04:31]  * Verified AntiTCC2009r6
[2016-07-31 14:04:32]  * Verifying classes...
[2016-07-31 14:04:48] You have been validated successfully.
[2016-07-31 14:13:01] [INSECURE CLIENT] Hyrasch - disallowed prefetch file(s) 'CHEAT ENGINE.EXE-DEC181E7.pfCHEATENGINE-X86_64.EXE-EA526313.pfCHEATENGINE651.EXE-8B9FDA31.pfCHEATENGINE651.TMP-176A41D1.pfCHEATENGINE651.TMP-D6891B8E.pf'

--- Begin Log Session Sunday, 2016-08-21 15:02:13 ---
Anti TCC 2009 Release 6 Server IP: 81.30.148.29:31100
Fair-Gamers UT2004 »BombingRun« Server #11
[2016-08-21 15:02:13]  
[2016-08-21 15:02:13] ==================================================
[2016-08-21 15:02:13]  Anti TCC 2009 Release 6 build 2010-01-08 17:52
[2016-08-21 15:02:13]  Copyright (c) 2003-2009 Wormbo
[2016-08-21 15:02:13] ==================================================
[2016-08-21 15:02:13]  
[2016-08-21 15:02:13]  * Using secured console
[2016-08-21 15:02:13]  * Welcome on Fair-Gamers UT2004 »BombingRun« Server #11
[2016-08-21 15:02:13]  * The server admin is FG> (www.fair-gamers.com-->contact)
[2016-08-21 15:02:13]  * Your unique ID is [ 918aff00-596bc334-67ea17e6-7d45029d ]
[2016-08-21 15:02:13]  * Player ID logging is enabled
[2016-08-21 15:02:13]  * Check Timeout: 60 seconds
[2016-08-21 15:02:13]  * Reaction to insecurities: Kick
[2016-08-21 15:02:13]  * Reaction to blacklisted files and classes: SessionBan
[2016-08-21 15:02:13]  * Reaction to modified skins: Kick
[2016-08-21 15:02:13]  * Reaction to invalid render settings: Message
[2016-08-21 15:02:13]  * Reaction to Temporary Console commands: Message
[2016-08-21 15:02:13]  * Reaction to annoyances: Kick
[2016-08-21 15:02:13]  * Anti TCC is running in single MD5 mode
[2016-08-21 15:02:13]  * Audio rolloff is locked at 0.40
[2016-08-21 15:02:13]  * FOV is NOT locked
[2016-08-21 15:02:18]  * Verified AntiTCC2009r6 (default)
[2016-08-21 15:02:19]  * Verified Core (default)
[2016-08-21 15:02:19]  * Verified Engine (default)
[2016-08-21 15:02:20]  * Verified XInterface (default)
[2016-08-21 15:02:20]  * Verified UnrealGame (default)
[2016-08-21 15:02:20]  * Verified XGame (default)
[2016-08-21 15:02:43]  * Verified UTCompv17a
[2016-08-21 15:02:44]  * Verified AntiTCC2009r6
[2016-08-21 15:02:45]  * Verifying classes...
[2016-08-21 15:02:58] You have been validated successfully.

--- Begin Log Session Sunday, 2016-08-21 15:12:07 ---
Anti TCC 2009 Release 6 Server IP: 81.30.148.29:31100
Fair-Gamers UT2004 »BombingRun« Server #11
[2016-08-21 15:12:07]  
[2016-08-21 15:12:07] ==================================================
[2016-08-21 15:12:07]  Anti TCC 2009 Release 6 build 2010-01-08 17:52
[2016-08-21 15:12:07]  Copyright (c) 2003-2009 Wormbo
[2016-08-21 15:12:07] ==================================================
[2016-08-21 15:12:07]  
[2016-08-21 15:12:07]  * Using secured console
[2016-08-21 15:12:07]  * Welcome on Fair-Gamers UT2004 »BombingRun« Server #11
[2016-08-21 15:12:07]  * The server admin is FG> (www.fair-gamers.com-->contact)
[2016-08-21 15:12:07]  * Your unique ID is [ 918aff00-596bc334-67ea17e6-7d45029d ]
[2016-08-21 15:12:07]  * Player ID logging is enabled
[2016-08-21 15:12:07]  * Check Timeout: 60 seconds
[2016-08-21 15:12:07]  * Reaction to insecurities: Kick
[2016-08-21 15:12:07]  * Reaction to blacklisted files and classes: SessionBan
[2016-08-21 15:12:07]  * Reaction to modified skins: Kick
[2016-08-21 15:12:07]  * Reaction to invalid render settings: Message
[2016-08-21 15:12:07]  * Reaction to Temporary Console commands: Message
[2016-08-21 15:12:07]  * Reaction to annoyances: Kick
[2016-08-21 15:12:07]  * Anti TCC is running in single MD5 mode
[2016-08-21 15:12:07]  * Audio rolloff is locked at 0.40
[2016-08-21 15:12:07]  * FOV is NOT locked
[2016-08-21 15:12:10]  * Verified AntiTCC2009r6 (default)
[2016-08-21 15:12:11]  * Verified Core (default)
[2016-08-21 15:12:12]  * Verified Engine (default)
[2016-08-21 15:12:12]  * Verified XInterface (default)
[2016-08-21 15:12:12]  * Verified UnrealGame (default)
[2016-08-21 15:12:13]  * Verified XGame (default)
[2016-08-21 15:12:36]  * Verified UTCompv17a
[2016-08-21 15:12:36]  * Verified AntiTCC2009r6
[2016-08-21 15:12:37]  * Verifying classes...
[2016-08-21 15:12:51] You have been validated successfully.

--- Begin Log Session Sunday, 2016-08-21 15:35:22 ---
Anti TCC 2009 Release 6 Server IP: 81.30.148.29:31100
Fair-Gamers UT2004 »BombingRun« Server #11
[2016-08-21 15:35:22]  
[2016-08-21 15:35:22] ==================================================
[2016-08-21 15:35:22]  Anti TCC 2009 Release 6 build 2010-01-08 17:52
[2016-08-21 15:35:22]  Copyright (c) 2003-2009 Wormbo
[2016-08-21 15:35:22] ==================================================
[2016-08-21 15:35:22]  
[2016-08-21 15:35:22]  * Using secured console
[2016-08-21 15:35:22]  * Welcome on Fair-Gamers UT2004 »BombingRun« Server #11
[2016-08-21 15:35:22]  * The server admin is FG> (www.fair-gamers.com-->contact)
[2016-08-21 15:35:22]  * Your unique ID is [ 918aff00-596bc334-67ea17e6-7d45029d ]
[2016-08-21 15:35:22]  * Player ID logging is enabled
[2016-08-21 15:35:22]  * Check Timeout: 60 seconds
[2016-08-21 15:35:22]  * Reaction to insecurities: Kick
[2016-08-21 15:35:22]  * Reaction to blacklisted files and classes: SessionBan
[2016-08-21 15:35:22]  * Reaction to modified skins: Kick
[2016-08-21 15:35:22]  * Reaction to invalid render settings: Message
[2016-08-21 15:35:22]  * Reaction to Temporary Console commands: Message
[2016-08-21 15:35:22]  * Reaction to annoyances: Kick
[2016-08-21 15:35:22]  * Anti TCC is running in single MD5 mode
[2016-08-21 15:35:22]  * Audio rolloff is locked at 0.40
[2016-08-21 15:35:22]  * FOV is NOT locked
[2016-08-21 15:35:27]  * Verified AntiTCC2009r6 (default)
[2016-08-21 15:35:28]  * Verified Core (default)
[2016-08-21 15:35:28]  * Verified Engine (default)
[2016-08-21 15:35:29]  * Verified XInterface (default)
[2016-08-21 15:35:29]  * Verified UnrealGame (default)
[2016-08-21 15:35:30]  * Verified XGame (default)
[2016-08-21 15:35:52]  * Verified UTCompv17a
[2016-08-21 15:35:53]  * Verified AntiTCC2009r6
[2016-08-21 15:35:54]  * Verifying classes...
[2016-08-21 15:36:09] You have been validated successfully.

--- Begin Log Session Sunday, 2016-08-21 15:58:42 ---
Anti TCC 2009 Release 6 Server IP: 81.30.148.29:31100
Fair-Gamers UT2004 »BombingRun« Server #11
[2016-08-21 15:58:42]  
[2016-08-21 15:58:42] ==================================================
[2016-08-21 15:58:42]  Anti TCC 2009 Release 6 build 2010-01-08 17:52
[2016-08-21 15:58:42]  Copyright (c) 2003-2009 Wormbo
[2016-08-21 15:58:42] ==================================================
[2016-08-21 15:58:42]  
[2016-08-21 15:58:42]  * Using secured console
[2016-08-21 15:58:42]  * Welcome on Fair-Gamers UT2004 »BombingRun« Server #11
[2016-08-21 15:58:42]  * The server admin is FG> (www.fair-gamers.com-->contact)
[2016-08-21 15:58:42]  * Your unique ID is [ 918aff00-596bc334-67ea17e6-7d45029d ]
[2016-08-21 15:58:42]  * Player ID logging is enabled
[2016-08-21 15:58:42]  * Check Timeout: 60 seconds
[2016-08-21 15:58:42]  * Reaction to insecurities: Kick
[2016-08-21 15:58:42]  * Reaction to blacklisted files and classes: SessionBan
[2016-08-21 15:58:42]  * Reaction to modified skins: Kick
[2016-08-21 15:58:42]  * Reaction to invalid render settings: Message
[2016-08-21 15:58:42]  * Reaction to Temporary Console commands: Message
[2016-08-21 15:58:42]  * Reaction to annoyances: Kick
[2016-08-21 15:58:42]  * Anti TCC is running in single MD5 mode
[2016-08-21 15:58:42]  * Audio rolloff is locked at 0.40
[2016-08-21 15:58:42]  * FOV is NOT locked
[2016-08-21 15:58:47]  * Verified AntiTCC2009r6 (default)
[2016-08-21 15:58:48]  * Verified Core (default)
[2016-08-21 15:58:49]  * Verified Engine (default)
[2016-08-21 15:58:49]  * Verified XInterface (default)
[2016-08-21 15:58:49]  * Verified UnrealGame (default)
[2016-08-21 15:58:50]  * Verified XGame (default)
[2016-08-21 15:59:20]  * Verified UTCompv17a
[2016-08-21 15:59:21]  * Verified AntiTCC2009r6
[2016-08-21 15:59:22]  * Verifying classes...
[2016-08-21 15:59:38] You have been validated successfully.

--- Begin Log Session Sunday, 2016-09-25 13:22:19 ---
Anti TCC 2009 Release 6 Server IP: 81.30.148.29:31100
Fair-Gamers UT2004 »BombingRun« Server #11
[2016-09-25 13:22:19]  * Checks aborted due to end of game

--- Begin Log Session Sunday, 2016-09-25 13:22:54 ---
Anti TCC 2009 Release 6 Server IP: 81.30.148.29:31100
Fair-Gamers UT2004 »BombingRun« Server #11
[2016-09-25 13:22:54]  
[2016-09-25 13:22:54] ==================================================
[2016-09-25 13:22:54]  Anti TCC 2009 Release 6 build 2010-01-08 17:52
[2016-09-25 13:22:54]  Copyright (c) 2003-2009 Wormbo
[2016-09-25 13:22:54] ==================================================
[2016-09-25 13:22:54]  
[2016-09-25 13:22:54]  * Using secured console
[2016-09-25 13:22:54]  * Welcome on Fair-Gamers UT2004 »BombingRun« Server #11
[2016-09-25 13:22:54]  * The server admin is FG> (www.fair-gamers.com-->contact)
[2016-09-25 13:22:54]  * Your unique ID is [ 918aff00-596bc334-67ea17e6-7d45029d ]
[2016-09-25 13:22:54]  * Player ID logging is enabled
[2016-09-25 13:22:54]  * Check Timeout: 60 seconds
[2016-09-25 13:22:54]  * Reaction to insecurities: Kick
[2016-09-25 13:22:54]  * Reaction to blacklisted files and classes: SessionBan
[2016-09-25 13:22:54]  * Reaction to modified skins: Kick
[2016-09-25 13:22:54]  * Reaction to invalid render settings: Message
[2016-09-25 13:22:54]  * Reaction to Temporary Console commands: Message
[2016-09-25 13:22:54]  * Reaction to annoyances: Kick
[2016-09-25 13:22:54]  * Anti TCC is running in single MD5 mode
[2016-09-25 13:22:54]  * Audio rolloff is locked at 0.40
[2016-09-25 13:22:54]  * FOV is NOT locked
[2016-09-25 13:22:59]  * Verified AntiTCC2009r6 (default)
[2016-09-25 13:23:00]  * Verified Core (default)
[2016-09-25 13:23:01]  * Verified Engine (default)
[2016-09-25 13:23:01]  * Verified XInterface (default)
[2016-09-25 13:23:01]  * Verified UnrealGame (default)
[2016-09-25 13:23:02]  * Verified XGame (default)
[2016-09-25 13:23:24]  * Verified UTCompv17a
[2016-09-25 13:23:25]  * Verified AntiTCC2009r6
[2016-09-25 13:23:26]  * Verifying classes...
[2016-09-25 13:23:41] You have been validated successfully.

--- Begin Log Session Sunday, 2016-09-25 13:45:43 ---
Anti TCC 2009 Release 6 Server IP: 81.30.148.29:31100
Fair-Gamers UT2004 »BombingRun« Server #11
[2016-09-25 13:45:43]  
[2016-09-25 13:45:43] ==================================================
[2016-09-25 13:45:43]  Anti TCC 2009 Release 6 build 2010-01-08 17:52
[2016-09-25 13:45:43]  Copyright (c) 2003-2009 Wormbo
[2016-09-25 13:45:43] ==================================================
[2016-09-25 13:45:43]  
[2016-09-25 13:45:43]  * Using secured console
[2016-09-25 13:45:43]  * Welcome on Fair-Gamers UT2004 »BombingRun« Server #11
[2016-09-25 13:45:43]  * The server admin is FG> (www.fair-gamers.com-->contact)
[2016-09-25 13:45:43]  * Your unique ID is [ 918aff00-596bc334-67ea17e6-7d45029d ]
[2016-09-25 13:45:43]  * Player ID logging is enabled
[2016-09-25 13:45:43]  * Check Timeout: 60 seconds
[2016-09-25 13:45:43]  * Reaction to insecurities: Kick
[2016-09-25 13:45:43]  * Reaction to blacklisted files and classes: SessionBan
[2016-09-25 13:45:43]  * Reaction to modified skins: Kick
[2016-09-25 13:45:43]  * Reaction to invalid render settings: Message
[2016-09-25 13:45:43]  * Reaction to Temporary Console commands: Message
[2016-09-25 13:45:43]  * Reaction to annoyances: Kick
[2016-09-25 13:45:43]  * Anti TCC is running in single MD5 mode
[2016-09-25 13:45:43]  * Audio rolloff is locked at 0.40
[2016-09-25 13:45:43]  * FOV is NOT locked
[2016-09-25 13:45:49]  * Verified AntiTCC2009r6 (default)
[2016-09-25 13:45:50]  * Verified Core (default)
[2016-09-25 13:45:50]  * Verified Engine (default)
[2016-09-25 13:45:51]  * Verified XInterface (default)
[2016-09-25 13:45:51]  * Verified UnrealGame (default)
[2016-09-25 13:45:52]  * Verified XGame (default)
[2016-09-25 13:46:14]  * Verified UTCompv17a
[2016-09-25 13:46:15]  * Verified AntiTCC2009r6
[2016-09-25 13:46:16]  * Verifying classes...
[2016-09-25 13:46:30] You have been validated successfully.

--- Begin Log Session Sunday, 2016-09-25 14:09:03 ---
Anti TCC 2009 Release 6 Server IP: 81.30.148.29:31100
Fair-Gamers UT2004 »BombingRun« Server #11
[2016-09-25 14:09:03]  
[2016-09-25 14:09:03] ==================================================
[2016-09-25 14:09:03]  Anti TCC 2009 Release 6 build 2010-01-08 17:52
[2016-09-25 14:09:03]  Copyright (c) 2003-2009 Wormbo
[2016-09-25 14:09:03] ==================================================
[2016-09-25 14:09:03]  
[2016-09-25 14:09:03]  * Using secured console
[2016-09-25 14:09:03]  * Welcome on Fair-Gamers UT2004 »BombingRun« Server #11
[2016-09-25 14:09:03]  * The server admin is FG> (www.fair-gamers.com-->contact)
[2016-09-25 14:09:03]  * Your unique ID is [ 918aff00-596bc334-67ea17e6-7d45029d ]
[2016-09-25 14:09:03]  * Player ID logging is enabled
[2016-09-25 14:09:03]  * Check Timeout: 60 seconds
[2016-09-25 14:09:03]  * Reaction to insecurities: Kick
[2016-09-25 14:09:03]  * Reaction to blacklisted files and classes: SessionBan
[2016-09-25 14:09:03]  * Reaction to modified skins: Kick
[2016-09-25 14:09:03]  * Reaction to invalid render settings: Message
[2016-09-25 14:09:03]  * Reaction to Temporary Console commands: Message
[2016-09-25 14:09:03]  * Reaction to annoyances: Kick
[2016-09-25 14:09:03]  * Anti TCC is running in single MD5 mode
[2016-09-25 14:09:03]  * Audio rolloff is locked at 0.40
[2016-09-25 14:09:03]  * FOV is NOT locked
[2016-09-25 14:09:09]  * Verified AntiTCC2009r6 (default)
[2016-09-25 14:09:10]  * Verified Core (default)
[2016-09-25 14:09:10]  * Verified Engine (default)
[2016-09-25 14:09:11]  * Verified XInterface (default)
[2016-09-25 14:09:11]  * Verified UnrealGame (default)
[2016-09-25 14:09:11]  * Verified XGame (default)
[2016-09-25 14:09:33]  * Verified UTCompv17a
[2016-09-25 14:09:34]  * Verified AntiTCC2009r6
[2016-09-25 14:09:35]  * Verifying classes...
[2016-09-25 14:09:51] You have been validated successfully.

--- Begin Log Session Sunday, 2016-10-23 12:34:15 ---
Anti TCC 2009 Release 6 Server IP: 81.30.148.29:31100
Fair-Gamers UT2004 »BombingRun« Server #11
[2016-10-23 12:34:15]  
[2016-10-23 12:34:15] ==================================================
[2016-10-23 12:34:15]  Anti TCC 2009 Release 6 build 2010-01-08 17:52
[2016-10-23 12:34:15]  Copyright (c) 2003-2009 Wormbo
[2016-10-23 12:34:15] ==================================================
[2016-10-23 12:34:15]  
[2016-10-23 12:34:15]  * Using secured console
[2016-10-23 12:34:15]  * Welcome on Fair-Gamers UT2004 »BombingRun« Server #11
[2016-10-23 12:34:15]  * The server admin is FG> (www.fair-gamers.com-->contact)
[2016-10-23 12:34:15]  * Your unique ID is [ 918aff00-596bc334-67ea17e6-7d45029d ]
[2016-10-23 12:34:15]  * Player ID logging is enabled
[2016-10-23 12:34:15]  * Check Timeout: 60 seconds
[2016-10-23 12:34:15]  * Reaction to insecurities: Kick
[2016-10-23 12:34:15]  * Reaction to blacklisted files and classes: SessionBan
[2016-10-23 12:34:15]  * Reaction to modified skins: Kick
[2016-10-23 12:34:15]  * Reaction to invalid render settings: Message
[2016-10-23 12:34:15]  * Reaction to Temporary Console commands: Message
[2016-10-23 12:34:15]  * Reaction to annoyances: Kick
[2016-10-23 12:34:15]  * Anti TCC is running in single MD5 mode
[2016-10-23 12:34:15]  * Audio rolloff is locked at 0.40
[2016-10-23 12:34:15]  * FOV is NOT locked
[2016-10-23 12:34:19]  * Verified AntiTCC2009r6 (default)
[2016-10-23 12:34:20]  * Verified Core (default)
[2016-10-23 12:34:21]  * Verified Engine (default)
[2016-10-23 12:34:21]  * Verified XInterface (default)
[2016-10-23 12:34:21]  * Verified UnrealGame (default)
[2016-10-23 12:34:22]  * Verified XGame (default)
[2016-10-23 12:34:44]  * Verified UTCompv17a
[2016-10-23 12:34:45]  * Verified AntiTCC2009r6
[2016-10-23 12:34:46]  * Verifying classes...
[2016-10-23 12:34:59] You have been validated successfully.

--- Begin Log Session Sunday, 2016-10-23 12:36:25 ---
Anti TCC 2009 Release 6 Server IP: 81.30.148.29:31100
Fair-Gamers UT2004 »BombingRun« Server #11
[2016-10-23 12:36:25]  
[2016-10-23 12:36:25] ==================================================
[2016-10-23 12:36:25]  Anti TCC 2009 Release 6 build 2010-01-08 17:52
[2016-10-23 12:36:25]  Copyright (c) 2003-2009 Wormbo
[2016-10-23 12:36:25] ==================================================
[2016-10-23 12:36:25]  
[2016-10-23 12:36:25]  * Using secured console
[2016-10-23 12:36:25]  * Welcome on Fair-Gamers UT2004 »BombingRun« Server #11
[2016-10-23 12:36:25]  * The server admin is FG> (www.fair-gamers.com-->contact)
[2016-10-23 12:36:25]  * Your unique ID is [ 918aff00-596bc334-67ea17e6-7d45029d ]
[2016-10-23 12:36:25]  * Player ID logging is enabled
[2016-10-23 12:36:25]  * Check Timeout: 60 seconds
[2016-10-23 12:36:25]  * Reaction to insecurities: Kick
[2016-10-23 12:36:25]  * Reaction to blacklisted files and classes: SessionBan
[2016-10-23 12:36:25]  * Reaction to modified skins: Kick
[2016-10-23 12:36:25]  * Reaction to invalid render settings: Message
[2016-10-23 12:36:25]  * Reaction to Temporary Console commands: Message
[2016-10-23 12:36:25]  * Reaction to annoyances: Kick
[2016-10-23 12:36:25]  * Anti TCC is running in single MD5 mode
[2016-10-23 12:36:25]  * Audio rolloff is locked at 0.40
[2016-10-23 12:36:25]  * FOV is NOT locked
[2016-10-23 12:36:30]  * Verified AntiTCC2009r6 (default)
[2016-10-23 12:36:31]  * Verified Core (default)
[2016-10-23 12:36:31]  * Verified Engine (default)
[2016-10-23 12:36:32]  * Verified XInterface (default)
[2016-10-23 12:36:32]  * Verified UnrealGame (default)
[2016-10-23 12:36:32]  * Verified XGame (default)
[2016-10-23 12:36:55]  * Verified UTCompv17a
[2016-10-23 12:36:56]  * Verified AntiTCC2009r6
[2016-10-23 12:36:57]  * Verifying classes...
[2016-10-23 12:37:11] You have been validated successfully.

--- Begin Log Session Sunday, 2016-10-23 13:02:19 ---
Anti TCC 2009 Release 6 Server IP: 81.30.148.29:31100
Fair-Gamers UT2004 »BombingRun« Server #11
[2016-10-23 13:02:19]  
[2016-10-23 13:02:19] ==================================================
[2016-10-23 13:02:19]  Anti TCC 2009 Release 6 build 2010-01-08 17:52
[2016-10-23 13:02:19]  Copyright (c) 2003-2009 Wormbo
[2016-10-23 13:02:19] ==================================================
[2016-10-23 13:02:19]  
[2016-10-23 13:02:19]  * Using secured console
[2016-10-23 13:02:19]  * Welcome on Fair-Gamers UT2004 »BombingRun« Server #11
[2016-10-23 13:02:19]  * The server admin is FG> (www.fair-gamers.com-->contact)
[2016-10-23 13:02:19]  * Your unique ID is [ 918aff00-596bc334-67ea17e6-7d45029d ]
[2016-10-23 13:02:19]  * Player ID logging is enabled
[2016-10-23 13:02:19]  * Check Timeout: 60 seconds
[2016-10-23 13:02:19]  * Reaction to insecurities: Kick
[2016-10-23 13:02:19]  * Reaction to blacklisted files and classes: SessionBan
[2016-10-23 13:02:19]  * Reaction to modified skins: Kick
[2016-10-23 13:02:19]  * Reaction to invalid render settings: Message
[2016-10-23 13:02:19]  * Reaction to Temporary Console commands: Message
[2016-10-23 13:02:19]  * Reaction to annoyances: Kick
[2016-10-23 13:02:19]  * Anti TCC is running in single MD5 mode
[2016-10-23 13:02:19]  * Audio rolloff is locked at 0.40
[2016-10-23 13:02:19]  * FOV is NOT locked
[2016-10-23 13:02:24]  * Verified AntiTCC2009r6 (default)
[2016-10-23 13:02:25]  * Verified Core (default)
[2016-10-23 13:02:25]  * Verified Engine (default)
[2016-10-23 13:02:25]  * Verified XInterface (default)
[2016-10-23 13:02:26]  * Verified UnrealGame (default)
[2016-10-23 13:02:26]  * Verified XGame (default)
[2016-10-23 13:02:49]  * Verified UTCompv17a
[2016-10-23 13:02:50]  * Verified AntiTCC2009r6
[2016-10-23 13:02:51]  * Verifying classes...
[2016-10-23 13:03:06] You have been validated successfully.

--- Begin Log Session Sunday, 2016-10-23 13:26:38 ---
Anti TCC 2009 Release 6 Server IP: 81.30.148.29:31100
Fair-Gamers UT2004 »BombingRun« Server #11
[2016-10-23 13:26:38]  
[2016-10-23 13:26:38] ==================================================
[2016-10-23 13:26:38]  Anti TCC 2009 Release 6 build 2010-01-08 17:52
[2016-10-23 13:26:38]  Copyright (c) 2003-2009 Wormbo
[2016-10-23 13:26:38] ==================================================
[2016-10-23 13:26:38]  
[2016-10-23 13:26:38]  * Using secured console
[2016-10-23 13:26:38]  * Welcome on Fair-Gamers UT2004 »BombingRun« Server #11
[2016-10-23 13:26:38]  * The server admin is FG> (www.fair-gamers.com-->contact)
[2016-10-23 13:26:38]  * Your unique ID is [ 918aff00-596bc334-67ea17e6-7d45029d ]
[2016-10-23 13:26:38]  * Player ID logging is enabled
[2016-10-23 13:26:38]  * Check Timeout: 60 seconds
[2016-10-23 13:26:38]  * Reaction to insecurities: Kick
[2016-10-23 13:26:38]  * Reaction to blacklisted files and classes: SessionBan
[2016-10-23 13:26:38]  * Reaction to modified skins: Kick
[2016-10-23 13:26:38]  * Reaction to invalid render settings: Message
[2016-10-23 13:26:38]  * Reaction to Temporary Console commands: Message
[2016-10-23 13:26:38]  * Reaction to annoyances: Kick
[2016-10-23 13:26:38]  * Anti TCC is running in single MD5 mode
[2016-10-23 13:26:38]  * Audio rolloff is locked at 0.40
[2016-10-23 13:26:38]  * FOV is NOT locked
[2016-10-23 13:26:43]  * Checks are delayed until you join the game

--- Begin Log Session Sunday, 2016-10-30 12:51:09 ---
Anti TCC 2009 Release 6 Server IP: 81.30.148.29:31100
Fair-Gamers UT2004 »BombingRun« Server #11
[2016-10-30 12:51:09]  
[2016-10-30 12:51:09] ==================================================
[2016-10-30 12:51:09]  Anti TCC 2009 Release 6 build 2010-01-08 17:52
[2016-10-30 12:51:09]  Copyright (c) 2003-2009 Wormbo
[2016-10-30 12:51:09] ==================================================
[2016-10-30 12:51:09]  
[2016-10-30 12:51:09]  * Using secured console
[2016-10-30 12:51:09]  * Welcome on Fair-Gamers UT2004 »BombingRun« Server #11
[2016-10-30 12:51:09]  * The server admin is FG> (www.fair-gamers.com-->contact)
[2016-10-30 12:51:09]  * Your unique ID is [ 918aff00-596bc334-67ea17e6-7d45029d ]
[2016-10-30 12:51:09]  * Player ID logging is enabled
[2016-10-30 12:51:09]  * Check Timeout: 60 seconds
[2016-10-30 12:51:09]  * Reaction to insecurities: Kick
[2016-10-30 12:51:09]  * Reaction to blacklisted files and classes: SessionBan
[2016-10-30 12:51:09]  * Reaction to modified skins: Kick
[2016-10-30 12:51:09]  * Reaction to invalid render settings: Message
[2016-10-30 12:51:09]  * Reaction to Temporary Console commands: Message
[2016-10-30 12:51:09]  * Reaction to annoyances: Kick
[2016-10-30 12:51:09]  * Anti TCC is running in single MD5 mode
[2016-10-30 12:51:09]  * Audio rolloff is locked at 0.40
[2016-10-30 12:51:09]  * FOV is NOT locked
[2016-10-30 12:51:11]  * Verified AntiTCC2009r6 (default)
[2016-10-30 12:51:12]  * Verified Core (default)
[2016-10-30 12:51:13]  * Verified Engine (default)
[2016-10-30 12:51:13]  * Verified XInterface (default)
[2016-10-30 12:51:14]  * Verified UnrealGame (default)
[2016-10-30 12:51:14]  * Verified XGame (default)
[2016-10-30 12:51:36]  * Verified UTCompv17a
[2016-10-30 12:51:37]  * Verified AntiTCC2009r6
[2016-10-30 12:51:38]  * Verifying classes...
[2016-10-30 12:51:51] You have been validated successfully.

--- Begin Log Session Sunday, 2016-10-30 13:09:00 ---
Anti TCC 2009 Release 6 Server IP: 81.30.148.29:31100
Fair-Gamers UT2004 »BombingRun« Server #11
[2016-10-30 13:09:00]  
[2016-10-30 13:09:00] ==================================================
[2016-10-30 13:09:00]  Anti TCC 2009 Release 6 build 2010-01-08 17:52
[2016-10-30 13:09:00]  Copyright (c) 2003-2009 Wormbo
[2016-10-30 13:09:00] ==================================================
[2016-10-30 13:09:00]  
[2016-10-30 13:09:00]  * Using secured console
[2016-10-30 13:09:00]  * Welcome on Fair-Gamers UT2004 »BombingRun« Server #11
[2016-10-30 13:09:00]  * The server admin is FG> (www.fair-gamers.com-->contact)
[2016-10-30 13:09:00]  * Your unique ID is [ 918aff00-596bc334-67ea17e6-7d45029d ]
[2016-10-30 13:09:00]  * Player ID logging is enabled
[2016-10-30 13:09:00]  * Check Timeout: 60 seconds
[2016-10-30 13:09:00]  * Reaction to insecurities: Kick
[2016-10-30 13:09:00]  * Reaction to blacklisted files and classes: SessionBan
[2016-10-30 13:09:00]  * Reaction to modified skins: Kick
[2016-10-30 13:09:00]  * Reaction to invalid render settings: Message
[2016-10-30 13:09:00]  * Reaction to Temporary Console commands: Message
[2016-10-30 13:09:00]  * Reaction to annoyances: Kick
[2016-10-30 13:09:00]  * Anti TCC is running in single MD5 mode
[2016-10-30 13:09:00]  * Audio rolloff is locked at 0.40
[2016-10-30 13:09:00]  * FOV is NOT locked
[2016-10-30 13:09:05]  * Verified AntiTCC2009r6 (default)
[2016-10-30 13:09:06]  * Verified Core (default)
[2016-10-30 13:09:06]  * Verified Engine (default)
[2016-10-30 13:09:07]  * Verified XInterface (default)
[2016-10-30 13:09:07]  * Verified UnrealGame (default)
[2016-10-30 13:09:08]  * Verified XGame (default)
[2016-10-30 13:09:30]  * Verified UTCompv17a
[2016-10-30 13:09:31]  * Verified AntiTCC2009r6
[2016-10-30 13:09:32]  * Verifying classes...
[2016-10-30 13:09:46] You have been validated successfully.

--- Begin Log Session Sunday, 2016-11-20 15:05:25 ---
Anti TCC 2009 Release 6 Server IP: 81.30.148.29:31100
Fair-Gamers UT2004 »BombingRun« Server #11
[2016-11-20 15:05:25]  
[2016-11-20 15:05:25] ==================================================
[2016-11-20 15:05:25]  Anti TCC 2009 Release 6 build 2010-01-08 17:52
[2016-11-20 15:05:25]  Copyright (c) 2003-2009 Wormbo
[2016-11-20 15:05:25] ==================================================
[2016-11-20 15:05:25]  
[2016-11-20 15:05:25]  * Using secured console
[2016-11-20 15:05:25]  * Welcome on Fair-Gamers UT2004 »BombingRun« Server #11
[2016-11-20 15:05:25]  * The server admin is FG> (www.fair-gamers.com-->contact)
[2016-11-20 15:05:25]  * Your unique ID is [ 918aff00-596bc334-67ea17e6-7d45029d ]
[2016-11-20 15:05:25]  * Player ID logging is enabled
[2016-11-20 15:05:25]  * Check Timeout: 60 seconds
[2016-11-20 15:05:25]  * Reaction to insecurities: Kick
[2016-11-20 15:05:25]  * Reaction to blacklisted files and classes: SessionBan
[2016-11-20 15:05:25]  * Reaction to modified skins: Kick
[2016-11-20 15:05:25]  * Reaction to invalid render settings: Message
[2016-11-20 15:05:25]  * Reaction to Temporary Console commands: Message
[2016-11-20 15:05:25]  * Reaction to annoyances: Kick
[2016-11-20 15:05:25]  * Anti TCC is running in single MD5 mode
[2016-11-20 15:05:25]  * Audio rolloff is locked at 0.40
[2016-11-20 15:05:25]  * FOV is NOT locked
[2016-11-20 15:05:29]  * Verified AntiTCC2009r6 (default)
[2016-11-20 15:05:31]  * Verified Core (default)
[2016-11-20 15:05:31]  * Verified Engine (default)
[2016-11-20 15:05:31]  * Verified XInterface (default)
[2016-11-20 15:05:32]  * Verified UnrealGame (default)
[2016-11-20 15:05:32]  * Verified XGame (default)
[2016-11-20 15:05:55]  * Verified UTCompv17a
[2016-11-20 15:05:56]  * Verified AntiTCC2009r6
[2016-11-20 15:05:57]  * Verifying classes...
[2016-11-20 15:06:10] You have been validated successfully.

--- Begin Log Session Sunday, 2016-11-20 15:23:41 ---
Anti TCC 2009 Release 6 Server IP: 81.30.148.29:31100
Fair-Gamers UT2004 »BombingRun« Server #11
[2016-11-20 15:23:41]  
[2016-11-20 15:23:41] ==================================================
[2016-11-20 15:23:41]  Anti TCC 2009 Release 6 build 2010-01-08 17:52
[2016-11-20 15:23:41]  Copyright (c) 2003-2009 Wormbo
[2016-11-20 15:23:41] ==================================================
[2016-11-20 15:23:41]  
[2016-11-20 15:23:41]  * Using secured console
[2016-11-20 15:23:41]  * Welcome on Fair-Gamers UT2004 »BombingRun« Server #11
[2016-11-20 15:23:41]  * The server admin is FG> (www.fair-gamers.com-->contact)
[2016-11-20 15:23:41]  * Your unique ID is [ 918aff00-596bc334-67ea17e6-7d45029d ]
[2016-11-20 15:23:41]  * Player ID logging is enabled
[2016-11-20 15:23:41]  * Check Timeout: 60 seconds
[2016-11-20 15:23:41]  * Reaction to insecurities: Kick
[2016-11-20 15:23:41]  * Reaction to blacklisted files and classes: SessionBan
[2016-11-20 15:23:41]  * Reaction to modified skins: Kick
[2016-11-20 15:23:41]  * Reaction to invalid render settings: Message
[2016-11-20 15:23:41]  * Reaction to Temporary Console commands: Message
[2016-11-20 15:23:41]  * Reaction to annoyances: Kick
[2016-11-20 15:23:41]  * Anti TCC is running in single MD5 mode
[2016-11-20 15:23:41]  * Audio rolloff is locked at 0.40
[2016-11-20 15:23:41]  * FOV is NOT locked
[2016-11-20 15:23:46]  * Verified AntiTCC2009r6 (default)
[2016-11-20 15:23:47]  * Verified Core (default)
[2016-11-20 15:23:47]  * Verified Engine (default)
[2016-11-20 15:23:48]  * Verified XInterface (default)
[2016-11-20 15:23:48]  * Verified UnrealGame (default)
[2016-11-20 15:23:48]  * Verified XGame (default)
[2016-11-20 15:24:11]  * Verified UTCompv17a
[2016-11-20 15:24:12]  * Verified AntiTCC2009r6
[2016-11-20 15:24:13]  * Verifying classes...
[2016-11-20 15:24:27] You have been validated successfully.

--- Begin Log Session Sunday, 2016-11-20 15:46:58 ---
Anti TCC 2009 Release 6 Server IP: 81.30.148.29:31100
Fair-Gamers UT2004 »BombingRun« Server #11
[2016-11-20 15:46:58]  
[2016-11-20 15:46:58] ==================================================
[2016-11-20 15:46:58]  Anti TCC 2009 Release 6 build 2010-01-08 17:52
[2016-11-20 15:46:58]  Copyright (c) 2003-2009 Wormbo
[2016-11-20 15:46:58] ==================================================
[2016-11-20 15:46:58]  
[2016-11-20 15:46:58]  * Using secured console
[2016-11-20 15:46:58]  * Welcome on Fair-Gamers UT2004 »BombingRun« Server #11
[2016-11-20 15:46:58]  * The server admin is FG> (www.fair-gamers.com-->contact)
[2016-11-20 15:46:58]  * Your unique ID is [ 918aff00-596bc334-67ea17e6-7d45029d ]
[2016-11-20 15:46:58]  * Player ID logging is enabled
[2016-11-20 15:46:58]  * Check Timeout: 60 seconds
[2016-11-20 15:46:58]  * Reaction to insecurities: Kick
[2016-11-20 15:46:58]  * Reaction to blacklisted files and classes: SessionBan
[2016-11-20 15:46:58]  * Reaction to modified skins: Kick
[2016-11-20 15:46:58]  * Reaction to invalid render settings: Message
[2016-11-20 15:46:58]  * Reaction to Temporary Console commands: Message
[2016-11-20 15:46:58]  * Reaction to annoyances: Kick
[2016-11-20 15:46:58]  * Anti TCC is running in single MD5 mode
[2016-11-20 15:46:58]  * Audio rolloff is locked at 0.40
[2016-11-20 15:46:58]  * FOV is NOT locked
[2016-11-20 15:47:04]  * Verified AntiTCC2009r6 (default)
[2016-11-20 15:47:05]  * Verified Core (default)
[2016-11-20 15:47:05]  * Verified Engine (default)
[2016-11-20 15:47:06]  * Verified XInterface (default)
[2016-11-20 15:47:06]  * Verified UnrealGame (default)
[2016-11-20 15:47:06]  * Verified XGame (default)
[2016-11-20 15:47:29]  * Verified UTCompv17a
[2016-11-20 15:47:30]  * Verified AntiTCC2009r6
[2016-11-20 15:47:31]  * Verifying classes...
[2016-11-20 15:47:45] You have been validated successfully.
