Log: Log file open, Thu Mar  9 19:59:44 2017
Init: Name subsystem initialized
Init: Version: 3369 (128.29)
Init: Compiled: Dec 14 2005 17:11:00
Init: Command line: 
Init: (This is Linux64 patch version 3369.2)
Init: Character set: Unicode
Init: Base directory: /myth/games/ut2004/System/
Init: Ini:UT2004.ini   UserIni:User.ini
Init: Build label: UT2004 Build UT2004_Build_[2005-11-23_16.22]
Init: Object subsystem initialized
Log: Initializing OpenGLDrv...
Log: binding libGL.so.1
Log: Game class is 'GameInfo'
Log: Bringing Level Entry.myLevel up for play (0) appSeconds: 2.390485...
ScriptLog: GameInfo::InitGame : bEnableStatLogging False
Log: Browse: NvidiaLogo.ut2?Name=dantalizing?Class=Engine.Pawn?Character=Torch?team=255?Sex=M?SpectatorOnly=1
Log: Collecting garbage
Log: Purging garbage
Log: Garbage: objects: 33862->33859; refs: 350139
Log: Game class is 'CinematicGame'
Log: Bringing Level NvidiaLogo.myLevel up for play (0) appSeconds: 3.040835...
ScriptLog: GameInfo::InitGame : bEnableStatLogging False
Log: Created and initialized a new SDL viewport.
Log: ALAudio: Using ALC_EXT_capture to record audio.
ScriptLog: New Player dantalizing id=918aff00596bc33467ea17e67d45029d
Log: TTS: No output filename specified.
Log: Enter SetRes: 1024x768 Fullscreen 1
Log: OpenGL
Log: GL_VENDOR     : NVIDIA Corporation
Log: GL_RENDERER   : GeForce 210/PCIe/SSE2
Log: GL_VERSION    : 3.3.0 NVIDIA 340.101
Log: OpenGL: Device supports: GL
Log: OpenGL: Device supports: GL_EXT_bgra
Log: OpenGL: Device supports: GL_ARB_texture_compression
Log: OpenGL: Device supports: GL_EXT_texture_compression_s3tc
Log: OpenGL: Device supports: GL_ARB_texture_cube_map
Log: OpenGL: Device supports: GL_ARB_texture_env_combine
Log: OpenGL: Device supports: GL_NV_texture_env_combine4
Log: OpenGL: Device supports: GL_ARB_texture_env_crossbar
Log: OpenGL: Device supports: GL_EXT_texture_lod_bias
Log: OpenGL: Device supports: GL_ARB_multitexture
Log: OpenGL: Device supports: GL_NV_vertex_array_range
Log: OpenGL: Device supports: GL_NV_vertex_array_range2
Log: OpenGL: Device supports: GL_ARB_multisample
Log: OpenGL: Device supports: GL_NV_multisample_filter_hint
Log: OpenGL: Device supports: GL_EXT_texture_filter_anisotropic
Log: OpenGL: Device supports: GL_ARB_vertex_buffer_object
Log: OpenGL: Device supports: GL_ARB_fragment_program
Log: OpenGL: Device supports: GL_ARB_vertex_program
Log: OpenGL: Device supports: GL_EXT_framebuffer_object
Log: OpenGL: Device supports: GL_ARB_texture_non_power_of_two
Log: OpenGL: C32 RGB888 Z24 S0
Log: OpenGL: Level of anisotropy is 1.000000 (max 16.000000).
Log: OpenGL: Have 0 multisamples buffers, 0 samples.
Log: OpenGL: Failed to get a multisample GL context
Log: OpenGL: Forcibly disabled pixel shaders.
Log: OpenGL: Forcibly disabled render-to-texture.
Log: WARNING: Couldn't allocate AGP memory - turning off support for GL_NV_vertex_array_range
Log: WARNING: This has a serious impact on performance.
Log: Startup time: 2.453932 seconds
Log: Precaching: NvidiaLogo.LevelInfo0
Log: Static mesh batches: 508608 vertex bytes, 110460 index bytes
Log: Allocating 32768 byte dynamic index buffer.
Log: Allocating 65536 byte dynamic vertex buffer.
Log: Finished precaching geometry in 0.048 seconds
Log: Finished precaching textures in 0.019 seconds
Debug: UT2k4MainMenu.Opened()   Sender:Package.UT2k4MainMenu
Log: URL: Adding default option Name=dantalizing
Log: URL: Adding default option Class=Engine.Pawn
Log: URL: Adding default option Character=Torch
Log: URL: Adding default option team=255
Log: Browse: Index.ut2?disconnect?Name=dantalizing?Class=Engine.Pawn?Character=Torch?team=255
Log: Failed; returning to Entry
ScriptLog: UT2k4MainMenu NotifyLevelChange  PendingConnection:False
Log: GP=FALSE
Log: Spawning new actor for Viewport SDLViewport
ScriptLog: New Player dantalizing id=918aff00596bc33467ea17e67d45029d
Log: Static mesh batches: 0 vertex bytes, 0 index bytes
IRC: 2 Servers 0 Channels
Log: Defaulting to false
ScriptLog: UT2k4Browser_ServerListPageFavorites Spawned new ServerQueryClient 'Entry.ServerQueryClient'
Log: Defaulting to false
Log: Resolving ut2004master2.epicgames.com...
Log: Resolved ut2004master2.epicgames.com -> 199.255.40.171
Log: Connection established.
Log: Allocating 67824 byte dynamic vertex buffer.
Log: Allocating 69984 byte dynamic vertex buffer.
Debug: UT2k4MainMenu.Opened()   Sender:None
ScriptLog: PreClientTravel
Log: URL: Adding default option Name=dantalizing
Log: URL: Adding default option Class=Engine.Pawn
Log: URL: Adding default option Character=Torch
Log: URL: Adding default option team=255
Log: Browse: 72.5.102.43/Index.ut2?Name=dantalizing?Class=Engine.Pawn?Character=Torch?team=255
ScriptLog: UT2k4Browser_ServerListPageFavorites Destroying ServerQueryClient 'ServerQueryClient'
Log: NetMode now NM_Client
Log: Collecting garbage
Log: Purging garbage
Log: (Karma): Level Karma Terminated.
Log: Garbage: objects: 40498->39979; refs: 457417
Log: Bringing Level BR-Stuck-in-the-Well.myLevel up for play (90) appSeconds: 12.689686...
Log: Spawning new actor for Viewport SDLViewport
ScriptLog: New Player dantalizing id=918aff00596bc33467ea17e67d45029d
Log: Collecting garbage
Log: Purging garbage
Log: Garbage: objects: 40031->40031; refs: 460509
Log: BS_xPlayer setplayer SDLViewport
Log: Precaching: BR-Stuck-in-the-Well.LevelInfo0
Log: Static mesh batches: 567576 vertex bytes, 80064 index bytes
Log: Allocating 32768 byte dynamic index buffer.
Log: Allocating 65536 byte dynamic vertex buffer.
Log: Finished precaching geometry in 0.035 seconds
Log: Finished precaching textures in 0.036 seconds
Log: Preprocessing:  Vertex stream total vertices: 62 Orig wedges: 62
Warning: BS_xPlayer BR-Stuck-in-the-Well.BS_xPlayer (Function Engine.PlayerController.PlayerSwimming.PlayerMove:0076) Accessed None 'Pawn'
Warning: BS_xPlayer BR-Stuck-in-the-Well.BS_xPlayer (Function Engine.PlayerController.PlayerSwimming.ProcessMove:0022) Accessed None 'Pawn'
Warning: BS_xPlayer BR-Stuck-in-the-Well.BS_xPlayer (Function Engine.PlayerController.PlayerSwimming.ProcessMove:0034) Accessed None 'Pawn'
Warning: BS_xPlayer BR-Stuck-in-the-Well.BS_xPlayer (Function Engine.PlayerController.PlayerSwimming.ProcessMove:006B) Accessed None 'Pawn'
Warning: BS_xPlayer BR-Stuck-in-the-Well.BS_xPlayer (Function Engine.PlayerController.PlayerSwimming.ProcessMove:00B4) Accessed None 'Pawn'
Warning: BS_xPlayer BR-Stuck-in-the-Well.BS_xPlayer (Function Engine.PlayerController.PlayerSwimming.ProcessMove:00E5) Accessed None 'Pawn'
Warning: BS_xPlayer BR-Stuck-in-the-Well.BS_xPlayer (Function Engine.PlayerController.PlayerSwimming.ProcessMove:00ED) Accessed None
Warning: BS_xPlayer BR-Stuck-in-the-Well.BS_xPlayer (Function Engine.PlayerController.PlayerSwimming.ProcessMove:0102) Accessed None 'Pawn'
Warning: BS_xPlayer BR-Stuck-in-the-Well.BS_xPlayer (Function Engine.PlayerController.PlayerSwimming.NotifyPhysicsVolumeChange:000A) Accessed None 'NewVolume'
Warning: BS_xPlayer BR-Stuck-in-the-Well.BS_xPlayer (Function Engine.PlayerController.PlayerSwimming.NotifyPhysicsVolumeChange:001A) Accessed None 'Pawn'
Warning: BS_xPlayer BR-Stuck-in-the-Well.BS_xPlayer (Function Engine.PlayerController.PlayerSwimming.NotifyPhysicsVolumeChange:0032) Accessed None 'Pawn'
Warning: BS_xPlayer BR-Stuck-in-the-Well.BS_xPlayer (Function Engine.PlayerController.PlayerSwimming.NotifyPhysicsVolumeChange:0047) Accessed None 'Pawn'
Warning: BS_xPlayer BR-Stuck-in-the-Well.BS_xPlayer (Function Engine.PlayerController.PlayerSwimming.PlayerMove:0076) Accessed None 'Pawn'
Warning: BS_xPlayer BR-Stuck-in-the-Well.BS_xPlayer (Function Engine.PlayerController.PlayerSwimming.ProcessMove:0022) Accessed None 'Pawn'
Warning: BS_xPlayer BR-Stuck-in-the-Well.BS_xPlayer (Function Engine.PlayerController.PlayerSwimming.ProcessMove:0034) Accessed None 'Pawn'
Warning: BS_xPlayer BR-Stuck-in-the-Well.BS_xPlayer (Function Engine.PlayerController.PlayerSwimming.ProcessMove:006B) Accessed None 'Pawn'
Warning: BS_xPlayer BR-Stuck-in-the-Well.BS_xPlayer (Function Engine.PlayerController.PlayerSwimming.ProcessMove:00B4) Accessed None 'Pawn'
Warning: BS_xPlayer BR-Stuck-in-the-Well.BS_xPlayer (Function Engine.PlayerController.PlayerSwimming.ProcessMove:00E5) Accessed None 'Pawn'
Warning: BS_xPlayer BR-Stuck-in-the-Well.BS_xPlayer (Function Engine.PlayerController.PlayerSwimming.ProcessMove:00ED) Accessed None
Warning: BS_xPlayer BR-Stuck-in-the-Well.BS_xPlayer (Function Engine.PlayerController.PlayerSwimming.ProcessMove:0102) Accessed None 'Pawn'
Warning: BS_xPlayer BR-Stuck-in-the-Well.BS_xPlayer (Function Engine.PlayerController.PlayerSwimming.NotifyPhysicsVolumeChange:000A) Accessed None 'NewVolume'
Warning: BS_xPlayer BR-Stuck-in-the-Well.BS_xPlayer (Function Engine.PlayerController.PlayerSwimming.NotifyPhysicsVolumeChange:001A) Accessed None 'Pawn'
Warning: BS_xPlayer BR-Stuck-in-the-Well.BS_xPlayer (Function Engine.PlayerController.PlayerSwimming.NotifyPhysicsVolumeChange:0032) Accessed None 'Pawn'
Warning: BS_xPlayer BR-Stuck-in-the-Well.BS_xPlayer (Function Engine.PlayerController.PlayerSwimming.NotifyPhysicsVolumeChange:0047) Accessed None 'Pawn'
Warning: BS_xPlayer BR-Stuck-in-the-Well.BS_xPlayer (Function Engine.PlayerController.PlayerSwimming.PlayerMove:0076) Accessed None 'Pawn'
Warning: BS_xPlayer BR-Stuck-in-the-Well.BS_xPlayer (Function Engine.PlayerController.PlayerSwimming.ProcessMove:0022) Accessed None 'Pawn'
Warning: BS_xPlayer BR-Stuck-in-the-Well.BS_xPlayer (Function Engine.PlayerController.PlayerSwimming.ProcessMove:0034) Accessed None 'Pawn'
Warning: BS_xPlayer BR-Stuck-in-the-Well.BS_xPlayer (Function Engine.PlayerController.PlayerSwimming.ProcessMove:006B) Accessed None 'Pawn'
Warning: BS_xPlayer BR-Stuck-in-the-Well.BS_xPlayer (Function Engine.PlayerController.PlayerSwimming.ProcessMove:00B4) Accessed None 'Pawn'
Warning: BS_xPlayer BR-Stuck-in-the-Well.BS_xPlayer (Function Engine.PlayerController.PlayerSwimming.ProcessMove:00E5) Accessed None 'Pawn'
Warning: BS_xPlayer BR-Stuck-in-the-Well.BS_xPlayer (Function Engine.PlayerController.PlayerSwimming.ProcessMove:00ED) Accessed None
Warning: BS_xPlayer BR-Stuck-in-the-Well.BS_xPlayer (Function Engine.PlayerController.PlayerSwimming.ProcessMove:0102) Accessed None 'Pawn'
Warning: BS_xPlayer BR-Stuck-in-the-Well.BS_xPlayer (Function Engine.PlayerController.PlayerSwimming.NotifyPhysicsVolumeChange:000A) Accessed None 'NewVolume'
Warning: BS_xPlayer BR-Stuck-in-the-Well.BS_xPlayer (Function Engine.PlayerController.PlayerSwimming.NotifyPhysicsVolumeChange:001A) Accessed None 'Pawn'
Warning: BS_xPlayer BR-Stuck-in-the-Well.BS_xPlayer (Function Engine.PlayerController.PlayerSwimming.NotifyPhysicsVolumeChange:0032) Accessed None 'Pawn'
Warning: BS_xPlayer BR-Stuck-in-the-Well.BS_xPlayer (Function Engine.PlayerController.PlayerSwimming.NotifyPhysicsVolumeChange:0047) Accessed None 'Pawn'
Warning: BS_xPlayer BR-Stuck-in-the-Well.BS_xPlayer (Function Engine.PlayerController.PlayerSwimming.PlayerMove:0076) Accessed None 'Pawn'
Warning: BS_xPlayer BR-Stuck-in-the-Well.BS_xPlayer (Function Engine.PlayerController.PlayerSwimming.ProcessMove:0022) Accessed None 'Pawn'
Warning: BS_xPlayer BR-Stuck-in-the-Well.BS_xPlayer (Function Engine.PlayerController.PlayerSwimming.ProcessMove:0034) Accessed None 'Pawn'
Warning: BS_xPlayer BR-Stuck-in-the-Well.BS_xPlayer (Function Engine.PlayerController.PlayerSwimming.ProcessMove:006B) Accessed None 'Pawn'
Warning: BS_xPlayer BR-Stuck-in-the-Well.BS_xPlayer (Function Engine.PlayerController.PlayerSwimming.ProcessMove:00B4) Accessed None 'Pawn'
Warning: BS_xPlayer BR-Stuck-in-the-Well.BS_xPlayer (Function Engine.PlayerController.PlayerSwimming.ProcessMove:00E5) Accessed None 'Pawn'
Warning: BS_xPlayer BR-Stuck-in-the-Well.BS_xPlayer (Function Engine.PlayerController.PlayerSwimming.ProcessMove:00ED) Accessed None
Warning: BS_xPlayer BR-Stuck-in-the-Well.BS_xPlayer (Function Engine.PlayerController.PlayerSwimming.ProcessMove:0102) Accessed None 'Pawn'
Warning: BS_xPlayer BR-Stuck-in-the-Well.BS_xPlayer (Function Engine.PlayerController.PlayerSwimming.NotifyPhysicsVolumeChange:000A) Accessed None 'NewVolume'
Warning: BS_xPlayer BR-Stuck-in-the-Well.BS_xPlayer (Function Engine.PlayerController.PlayerSwimming.NotifyPhysicsVolumeChange:001A) Accessed None 'Pawn'
Warning: BS_xPlayer BR-Stuck-in-the-Well.BS_xPlayer (Function Engine.PlayerController.PlayerSwimming.NotifyPhysicsVolumeChange:0032) Accessed None 'Pawn'
Warning: BS_xPlayer BR-Stuck-in-the-Well.BS_xPlayer (Function Engine.PlayerController.PlayerSwimming.NotifyPhysicsVolumeChange:0047) Accessed None 'Pawn'
Log: Defaulting to false
ScriptLog: UT2k4Browser_ServerListPageFavorites Spawned new ServerQueryClient 'BR-Stuck-in-the-Well.ServerQueryClient'
Log: Defaulting to false
ScriptLog: PreClientTravel
Log: URL: Adding default option Name=dantalizing
Log: URL: Adding default option Class=Engine.Pawn
Log: URL: Adding default option Character=Torch
Log: URL: Adding default option team=255
Log: Browse: 72.5.102.229/Index.ut2?Name=dantalizing?Class=Engine.Pawn?Character=Torch?team=255
ScriptLog: UT2k4Browser_ServerListPageFavorites Destroying ServerQueryClient 'ServerQueryClient'
NetComeGo: Close TcpipConnection 72.5.102.43:7777 Thu Mar  9 20:04:42 2017
Exit: Socket shut down
Log: NetMode now NM_Client
Log: Collecting garbage
Log: Purging garbage
Log: Garbage: objects: 55956->55496; refs: 735623
Log: Bringing Level DM-99_Seraphim_Classic_B2.myLevel up for play (90) appSeconds: 299.339957...
Log: Spawning new actor for Viewport SDLViewport
ScriptLog: New Player dantalizing id=918aff00596bc33467ea17e67d45029d
Log: Collecting garbage
Log: Purging garbage
Log: (Karma): Level Karma Terminated.
Log: Garbage: objects: 55526->55009; refs: 719815
Log: Freon_Player setplayer SDLViewport
Log: Precaching: DM-99_Seraphim_Classic_B2.LevelInfo0
Log: Static mesh batches: 376128 vertex bytes, 49344 index bytes
Log: Allocating 32768 byte dynamic index buffer.
Log: Allocating 65536 byte dynamic vertex buffer.
Log: Finished precaching geometry in 0.011 seconds
Log: Finished precaching textures in 0.035 seconds
Warning: Message_PlayerIsOut None (Function 3SPNv3223.Message_PlayerIsOut.ClientReceive:000A) Accessed None 'RelatedPRI_1'
Warning: Message_PlayerIsOut None (Function 3SPNv3223.Message_PlayerIsOut.ClientReceive:00E6) Accessed None 'PlayerReplicationInfo'
Warning: Message_PlayerIsOut None (Function 3SPNv3223.Message_PlayerIsOut.ClientReceive:0143) Accessed None 'PlayerReplicationInfo'
Warning: Message_PlayerIsOut None (Function 3SPNv3223.Message_PlayerIsOut.GetString:001F) Accessed None 'RelatedPRI_1'
Warning: Freon_PRI DM-99_Seraphim_Classic_B2.Freon_PRI (Function 3SPNv3223.Freon_PRI.GetLocationNameTeam:00E5) Accessed None 'PawnReplicationInfo'
Warning: Freon_PRI DM-99_Seraphim_Classic_B2.Freon_PRI (Function 3SPNv3223.Freon_PRI.GetLocationNameTeam:00E5) Accessed None 'PawnReplicationInfo'
Warning: Freon_PRI DM-99_Seraphim_Classic_B2.Freon_PRI (Function 3SPNv3223.Freon_PRI.GetLocationNameTeam:00E5) Accessed None 'PawnReplicationInfo'
Warning: Freon_PRI DM-99_Seraphim_Classic_B2.Freon_PRI (Function 3SPNv3223.Freon_PRI.GetLocationNameTeam:00E5) Accessed None 'PawnReplicationInfo'
Warning: Freon_PRI DM-99_Seraphim_Classic_B2.Freon_PRI (Function 3SPNv3223.Freon_PRI.GetLocationNameTeam:00E5) Accessed None 'PawnReplicationInfo'
Warning: Freon_PRI DM-99_Seraphim_Classic_B2.Freon_PRI (Function 3SPNv3223.Freon_PRI.GetLocationNameTeam:00E5) Accessed None 'PawnReplicationInfo'
Warning: Freon_PRI DM-99_Seraphim_Classic_B2.Freon_PRI (Function 3SPNv3223.Freon_PRI.GetLocationNameTeam:00E5) Accessed None 'PawnReplicationInfo'
Warning: Freon_PRI DM-99_Seraphim_Classic_B2.Freon_PRI (Function 3SPNv3223.Freon_PRI.GetLocationNameTeam:00E5) Accessed None 'PawnReplicationInfo'
Warning: Freon_PRI DM-99_Seraphim_Classic_B2.Freon_PRI (Function 3SPNv3223.Freon_PRI.GetLocationNameTeam:00E5) Accessed None 'PawnReplicationInfo'
Warning: Freon_PRI DM-99_Seraphim_Classic_B2.Freon_PRI (Function 3SPNv3223.Freon_PRI.GetLocationNameTeam:00E5) Accessed None 'PawnReplicationInfo'
Warning: Freon_PRI DM-99_Seraphim_Classic_B2.Freon_PRI (Function 3SPNv3223.Freon_PRI.GetLocationNameTeam:00E5) Accessed None 'PawnReplicationInfo'
Warning: Freon_PRI DM-99_Seraphim_Classic_B2.Freon_PRI (Function 3SPNv3223.Freon_PRI.GetLocationNameTeam:00E5) Accessed None 'PawnReplicationInfo'
Warning: Freon_PRI DM-99_Seraphim_Classic_B2.Freon_PRI (Function 3SPNv3223.Freon_PRI.GetLocationNameTeam:00E5) Accessed None 'PawnReplicationInfo'
Warning: Freon_PRI DM-99_Seraphim_Classic_B2.Freon_PRI (Function 3SPNv3223.Freon_PRI.GetLocationNameTeam:00E5) Accessed None 'PawnReplicationInfo'
Warning: Freon_PRI DM-99_Seraphim_Classic_B2.Freon_PRI (Function 3SPNv3223.Freon_PRI.GetLocationNameTeam:00E5) Accessed None 'PawnReplicationInfo'
Warning: Freon_PRI DM-99_Seraphim_Classic_B2.Freon_PRI (Function 3SPNv3223.Freon_PRI.GetLocationNameTeam:00E5) Accessed None 'PawnReplicationInfo'
Warning: Freon_PRI DM-99_Seraphim_Classic_B2.Freon_PRI (Function 3SPNv3223.Freon_PRI.GetLocationNameTeam:00E5) Accessed None 'PawnReplicationInfo'
Warning: Freon_PRI DM-99_Seraphim_Classic_B2.Freon_PRI (Function 3SPNv3223.Freon_PRI.GetLocationNameTeam:00E5) Accessed None 'PawnReplicationInfo'
Warning: Freon_PRI DM-99_Seraphim_Classic_B2.Freon_PRI (Function 3SPNv3223.Freon_PRI.GetLocationNameTeam:00E5) Accessed None 'PawnReplicationInfo'
Warning: Freon_PRI DM-99_Seraphim_Classic_B2.Freon_PRI (Function 3SPNv3223.Freon_PRI.GetLocationNameTeam:00E5) Accessed None 'PawnReplicationInfo'
Warning: Freon_PRI DM-99_Seraphim_Classic_B2.Freon_PRI (Function 3SPNv3223.Freon_PRI.GetLocationNameTeam:00E5) Accessed None 'PawnReplicationInfo'
Warning: Freon_PRI DM-99_Seraphim_Classic_B2.Freon_PRI (Function 3SPNv3223.Freon_PRI.GetLocationNameTeam:00E5) Accessed None 'PawnReplicationInfo'
Warning: Freon_PRI DM-99_Seraphim_Classic_B2.Freon_PRI (Function 3SPNv3223.Freon_PRI.GetLocationNameTeam:00E5) Accessed None 'PawnReplicationInfo'
Warning: Freon_PRI DM-99_Seraphim_Classic_B2.Freon_PRI (Function 3SPNv3223.Freon_PRI.GetLocationNameTeam:00E5) Accessed None 'PawnReplicationInfo'
Warning: Freon_PRI DM-99_Seraphim_Classic_B2.Freon_PRI (Function 3SPNv3223.Freon_PRI.GetLocationNameTeam:00E5) Accessed None 'PawnReplicationInfo'
Warning: Freon_PRI DM-99_Seraphim_Classic_B2.Freon_PRI (Function 3SPNv3223.Freon_PRI.GetLocationNameTeam:00E5) Accessed None 'PawnReplicationInfo'
Warning: Freon_PRI DM-99_Seraphim_Classic_B2.Freon_PRI (Function 3SPNv3223.Freon_PRI.GetLocationNameTeam:00E5) Accessed None 'PawnReplicationInfo'
Warning: Freon_PRI DM-99_Seraphim_Classic_B2.Freon_PRI (Function 3SPNv3223.Freon_PRI.GetLocationNameTeam:00E5) Accessed None 'PawnReplicationInfo'
Warning: Freon_PRI DM-99_Seraphim_Classic_B2.Freon_PRI (Function 3SPNv3223.Freon_PRI.GetLocationNameTeam:00E5) Accessed None 'PawnReplicationInfo'
Warning: Freon_PRI DM-99_Seraphim_Classic_B2.Freon_PRI (Function 3SPNv3223.Freon_PRI.GetLocationNameTeam:00E5) Accessed None 'PawnReplicationInfo'
Warning: Freon_PRI DM-99_Seraphim_Classic_B2.Freon_PRI (Function 3SPNv3223.Freon_PRI.GetLocationNameTeam:00E5) Accessed None 'PawnReplicationInfo'
Warning: Freon_PRI DM-99_Seraphim_Classic_B2.Freon_PRI (Function 3SPNv3223.Freon_PRI.GetLocationNameTeam:00E5) Accessed None 'PawnReplicationInfo'
Warning: Freon_PRI DM-99_Seraphim_Classic_B2.Freon_PRI (Function 3SPNv3223.Freon_PRI.GetLocationNameTeam:00E5) Accessed None 'PawnReplicationInfo'
Warning: Freon_PRI DM-99_Seraphim_Classic_B2.Freon_PRI (Function 3SPNv3223.Freon_PRI.GetLocationNameTeam:00E5) Accessed None 'PawnReplicationInfo'
Warning: Freon_PRI DM-99_Seraphim_Classic_B2.Freon_PRI (Function 3SPNv3223.Freon_PRI.GetLocationNameTeam:00E5) Accessed None 'PawnReplicationInfo'
Warning: Freon_PRI DM-99_Seraphim_Classic_B2.Freon_PRI (Function 3SPNv3223.Freon_PRI.GetLocationNameTeam:00E5) Accessed None 'PawnReplicationInfo'
Warning: Freon_PRI DM-99_Seraphim_Classic_B2.Freon_PRI (Function 3SPNv3223.Freon_PRI.GetLocationNameTeam:00E5) Accessed None 'PawnReplicationInfo'
Warning: Freon_PRI DM-99_Seraphim_Classic_B2.Freon_PRI (Function 3SPNv3223.Freon_PRI.GetLocationNameTeam:00E5) Accessed None 'PawnReplicationInfo'
Warning: Freon_PRI DM-99_Seraphim_Classic_B2.Freon_PRI (Function 3SPNv3223.Freon_PRI.GetLocationNameTeam:00E5) Accessed None 'PawnReplicationInfo'
Warning: Freon_PRI DM-99_Seraphim_Classic_B2.Freon_PRI (Function 3SPNv3223.Freon_PRI.GetLocationNameTeam:00E5) Accessed None 'PawnReplicationInfo'
Warning: Freon_PRI DM-99_Seraphim_Classic_B2.Freon_PRI (Function 3SPNv3223.Freon_PRI.GetLocationNameTeam:00E5) Accessed None 'PawnReplicationInfo'
Warning: Freon_PRI DM-99_Seraphim_Classic_B2.Freon_PRI (Function 3SPNv3223.Freon_PRI.GetLocationNameTeam:00E5) Accessed None 'PawnReplicationInfo'
Warning: Freon_PRI DM-99_Seraphim_Classic_B2.Freon_PRI (Function 3SPNv3223.Freon_PRI.GetLocationNameTeam:00E5) Accessed None 'PawnReplicationInfo'
Warning: Freon_PRI DM-99_Seraphim_Classic_B2.Freon_PRI (Function 3SPNv3223.Freon_PRI.GetLocationNameTeam:00E5) Accessed None 'PawnReplicationInfo'
Warning: Freon_PRI DM-99_Seraphim_Classic_B2.Freon_PRI (Function 3SPNv3223.Freon_PRI.GetLocationNameTeam:00E5) Accessed None 'PawnReplicationInfo'
Warning: Freon_PRI DM-99_Seraphim_Classic_B2.Freon_PRI (Function 3SPNv3223.Freon_PRI.GetLocationNameTeam:00E5) Accessed None 'PawnReplicationInfo'
Warning: Freon_PRI DM-99_Seraphim_Classic_B2.Freon_PRI (Function 3SPNv3223.Freon_PRI.GetLocationNameTeam:00E5) Accessed None 'PawnReplicationInfo'
Warning: Freon_PRI DM-99_Seraphim_Classic_B2.Freon_PRI (Function 3SPNv3223.Freon_PRI.GetLocationNameTeam:00E5) Accessed None 'PawnReplicationInfo'
Warning: Freon_PRI DM-99_Seraphim_Classic_B2.Freon_PRI (Function 3SPNv3223.Freon_PRI.GetLocationNameTeam:00E5) Accessed None 'PawnReplicationInfo'
Warning: Freon_PRI DM-99_Seraphim_Classic_B2.Freon_PRI (Function 3SPNv3223.Freon_PRI.GetLocationNameTeam:00E5) Accessed None 'PawnReplicationInfo'
Warning: Freon_PRI DM-99_Seraphim_Classic_B2.Freon_PRI (Function 3SPNv3223.Freon_PRI.GetLocationNameTeam:00E5) Accessed None 'PawnReplicationInfo'
Warning: Freon_PRI DM-99_Seraphim_Classic_B2.Freon_PRI (Function 3SPNv3223.Freon_PRI.GetLocationNameTeam:00E5) Accessed None 'PawnReplicationInfo'
Warning: Freon_PRI DM-99_Seraphim_Classic_B2.Freon_PRI (Function 3SPNv3223.Freon_PRI.GetLocationNameTeam:00E5) Accessed None 'PawnReplicationInfo'
Warning: Freon_PRI DM-99_Seraphim_Classic_B2.Freon_PRI (Function 3SPNv3223.Freon_PRI.GetLocationNameTeam:00E5) Accessed None 'PawnReplicationInfo'
Warning: Freon_PRI DM-99_Seraphim_Classic_B2.Freon_PRI (Function 3SPNv3223.Freon_PRI.GetLocationNameTeam:00E5) Accessed None 'PawnReplicationInfo'
Warning: Freon_PRI DM-99_Seraphim_Classic_B2.Freon_PRI (Function 3SPNv3223.Freon_PRI.GetLocationNameTeam:00E5) Accessed None 'PawnReplicationInfo'
Warning: Freon_PRI DM-99_Seraphim_Classic_B2.Freon_PRI (Function 3SPNv3223.Freon_PRI.GetLocationNameTeam:00E5) Accessed None 'PawnReplicationInfo'
Warning: Freon_PRI DM-99_Seraphim_Classic_B2.Freon_PRI (Function 3SPNv3223.Freon_PRI.GetLocationNameTeam:00E5) Accessed None 'PawnReplicationInfo'
Warning: Freon_PRI DM-99_Seraphim_Classic_B2.Freon_PRI (Function 3SPNv3223.Freon_PRI.GetLocationNameTeam:00E5) Accessed None 'PawnReplicationInfo'
Warning: Freon_PRI DM-99_Seraphim_Classic_B2.Freon_PRI (Function 3SPNv3223.Freon_PRI.GetLocationNameTeam:00E5) Accessed None 'PawnReplicationInfo'
Warning: Freon_PRI DM-99_Seraphim_Classic_B2.Freon_PRI (Function 3SPNv3223.Freon_PRI.GetLocationNameTeam:00E5) Accessed None 'PawnReplicationInfo'
Warning: Freon_PRI DM-99_Seraphim_Classic_B2.Freon_PRI (Function 3SPNv3223.Freon_PRI.GetLocationNameTeam:00E5) Accessed None 'PawnReplicationInfo'
Warning: Freon_PRI DM-99_Seraphim_Classic_B2.Freon_PRI (Function 3SPNv3223.Freon_PRI.GetLocationNameTeam:00E5) Accessed None 'PawnReplicationInfo'
Warning: Freon_PRI DM-99_Seraphim_Classic_B2.Freon_PRI (Function 3SPNv3223.Freon_PRI.GetLocationNameTeam:00E5) Accessed None 'PawnReplicationInfo'
Warning: Freon_PRI DM-99_Seraphim_Classic_B2.Freon_PRI (Function 3SPNv3223.Freon_PRI.GetLocationNameTeam:00E5) Accessed None 'PawnReplicationInfo'
Warning: Freon_PRI DM-99_Seraphim_Classic_B2.Freon_PRI (Function 3SPNv3223.Freon_PRI.GetLocationNameTeam:00E5) Accessed None 'PawnReplicationInfo'
Warning: Freon_PRI DM-99_Seraphim_Classic_B2.Freon_PRI (Function 3SPNv3223.Freon_PRI.GetLocationNameTeam:00E5) Accessed None 'PawnReplicationInfo'
Warning: Freon_PRI DM-99_Seraphim_Classic_B2.Freon_PRI (Function 3SPNv3223.Freon_PRI.GetLocationNameTeam:00E5) Accessed None 'PawnReplicationInfo'
Warning: Freon_PRI DM-99_Seraphim_Classic_B2.Freon_PRI (Function 3SPNv3223.Freon_PRI.GetLocationNameTeam:00E5) Accessed None 'PawnReplicationInfo'
Warning: Freon_PRI DM-99_Seraphim_Classic_B2.Freon_PRI (Function 3SPNv3223.Freon_PRI.GetLocationNameTeam:00E5) Accessed None 'PawnReplicationInfo'
Warning: Freon_PRI DM-99_Seraphim_Classic_B2.Freon_PRI (Function 3SPNv3223.Freon_PRI.GetLocationNameTeam:00E5) Accessed None 'PawnReplicationInfo'
Warning: Freon_PRI DM-99_Seraphim_Classic_B2.Freon_PRI (Function 3SPNv3223.Freon_PRI.GetLocationNameTeam:00E5) Accessed None 'PawnReplicationInfo'
Warning: Freon_PRI DM-99_Seraphim_Classic_B2.Freon_PRI (Function 3SPNv3223.Freon_PRI.GetLocationNameTeam:00E5) Accessed None 'PawnReplicationInfo'
Warning: Freon_PRI DM-99_Seraphim_Classic_B2.Freon_PRI (Function 3SPNv3223.Freon_PRI.GetLocationNameTeam:00E5) Accessed None 'PawnReplicationInfo'
Warning: Freon_PRI DM-99_Seraphim_Classic_B2.Freon_PRI (Function 3SPNv3223.Freon_PRI.GetLocationNameTeam:00E5) Accessed None 'PawnReplicationInfo'
Warning: Freon_PRI DM-99_Seraphim_Classic_B2.Freon_PRI (Function 3SPNv3223.Freon_PRI.GetLocationNameTeam:00E5) Accessed None 'PawnReplicationInfo'
Warning: Freon_PRI DM-99_Seraphim_Classic_B2.Freon_PRI (Function 3SPNv3223.Freon_PRI.GetLocationNameTeam:00E5) Accessed None 'PawnReplicationInfo'
Warning: Freon_PRI DM-99_Seraphim_Classic_B2.Freon_PRI (Function 3SPNv3223.Freon_PRI.GetLocationNameTeam:00E5) Accessed None 'PawnReplicationInfo'
Warning: Freon_PRI DM-99_Seraphim_Classic_B2.Freon_PRI (Function 3SPNv3223.Freon_PRI.GetLocationNameTeam:00E5) Accessed None 'PawnReplicationInfo'
Warning: Freon_PRI DM-99_Seraphim_Classic_B2.Freon_PRI (Function 3SPNv3223.Freon_PRI.GetLocationNameTeam:00E5) Accessed None 'PawnReplicationInfo'
Warning: Freon_PRI DM-99_Seraphim_Classic_B2.Freon_PRI (Function 3SPNv3223.Freon_PRI.GetLocationNameTeam:00E5) Accessed None 'PawnReplicationInfo'
Warning: Freon_PRI DM-99_Seraphim_Classic_B2.Freon_PRI (Function 3SPNv3223.Freon_PRI.GetLocationNameTeam:00E5) Accessed None 'PawnReplicationInfo'
Warning: Freon_PRI DM-99_Seraphim_Classic_B2.Freon_PRI (Function 3SPNv3223.Freon_PRI.GetLocationNameTeam:00E5) Accessed None 'PawnReplicationInfo'
Warning: Freon_PRI DM-99_Seraphim_Classic_B2.Freon_PRI (Function 3SPNv3223.Freon_PRI.GetLocationNameTeam:00E5) Accessed None 'PawnReplicationInfo'
Warning: Freon_PRI DM-99_Seraphim_Classic_B2.Freon_PRI (Function 3SPNv3223.Freon_PRI.GetLocationNameTeam:00E5) Accessed None 'PawnReplicationInfo'
Warning: Freon_PRI DM-99_Seraphim_Classic_B2.Freon_PRI (Function 3SPNv3223.Freon_PRI.GetLocationNameTeam:00E5) Accessed None 'PawnReplicationInfo'
Warning: Freon_PRI DM-99_Seraphim_Classic_B2.Freon_PRI (Function 3SPNv3223.Freon_PRI.GetLocationNameTeam:00E5) Accessed None 'PawnReplicationInfo'
Warning: Freon_PRI DM-99_Seraphim_Classic_B2.Freon_PRI (Function 3SPNv3223.Freon_PRI.GetLocationNameTeam:00E5) Accessed None 'PawnReplicationInfo'
Warning: Freon_PRI DM-99_Seraphim_Classic_B2.Freon_PRI (Function 3SPNv3223.Freon_PRI.GetLocationNameTeam:00E5) Accessed None 'PawnReplicationInfo'
Warning: Freon_PRI DM-99_Seraphim_Classic_B2.Freon_PRI (Function 3SPNv3223.Freon_PRI.GetLocationNameTeam:00E5) Accessed None 'PawnReplicationInfo'
Warning: Freon_PRI DM-99_Seraphim_Classic_B2.Freon_PRI (Function 3SPNv3223.Freon_PRI.GetLocationNameTeam:00E5) Accessed None 'PawnReplicationInfo'
Warning: Freon_PRI DM-99_Seraphim_Classic_B2.Freon_PRI (Function 3SPNv3223.Freon_PRI.GetLocationNameTeam:00E5) Accessed None 'PawnReplicationInfo'
Warning: Freon_PRI DM-99_Seraphim_Classic_B2.Freon_PRI (Function 3SPNv3223.Freon_PRI.GetLocationNameTeam:00E5) Accessed None 'PawnReplicationInfo'
Warning: Freon_PRI DM-99_Seraphim_Classic_B2.Freon_PRI (Function 3SPNv3223.Freon_PRI.GetLocationNameTeam:00E5) Accessed None 'PawnReplicationInfo'
Warning: Freon_PRI DM-99_Seraphim_Classic_B2.Freon_PRI (Function 3SPNv3223.Freon_PRI.GetLocationNameTeam:00E5) Accessed None 'PawnReplicationInfo'
Warning: Freon_PRI DM-99_Seraphim_Classic_B2.Freon_PRI (Function 3SPNv3223.Freon_PRI.GetLocationNameTeam:00E5) Accessed None 'PawnReplicationInfo'
Warning: Freon_PRI DM-99_Seraphim_Classic_B2.Freon_PRI (Function 3SPNv3223.Freon_PRI.GetLocationNameTeam:00E5) Accessed None 'PawnReplicationInfo'
Warning: Freon_PRI DM-99_Seraphim_Classic_B2.Freon_PRI (Function 3SPNv3223.Freon_PRI.GetLocationNameTeam:00E5) Accessed None 'PawnReplicationInfo'
Warning: Freon_PRI DM-99_Seraphim_Classic_B2.Freon_PRI (Function 3SPNv3223.Freon_PRI.GetLocationNameTeam:00E5) Accessed None 'PawnReplicationInfo'
Warning: Freon_PRI DM-99_Seraphim_Classic_B2.Freon_PRI (Function 3SPNv3223.Freon_PRI.GetLocationNameTeam:00E5) Accessed None 'PawnReplicationInfo'
Warning: Freon_PRI DM-99_Seraphim_Classic_B2.Freon_PRI (Function 3SPNv3223.Freon_PRI.GetLocationNameTeam:00E5) Accessed None 'PawnReplicationInfo'
Warning: Freon_PRI DM-99_Seraphim_Classic_B2.Freon_PRI (Function 3SPNv3223.Freon_PRI.GetLocationNameTeam:00E5) Accessed None 'PawnReplicationInfo'
Warning: Freon_PRI DM-99_Seraphim_Classic_B2.Freon_PRI (Function 3SPNv3223.Freon_PRI.GetLocationNameTeam:00E5) Accessed None 'PawnReplicationInfo'
Warning: Freon_PRI DM-99_Seraphim_Classic_B2.Freon_PRI (Function 3SPNv3223.Freon_PRI.GetLocationNameTeam:00E5) Accessed None 'PawnReplicationInfo'
Warning: Freon_PRI DM-99_Seraphim_Classic_B2.Freon_PRI (Function 3SPNv3223.Freon_PRI.GetLocationNameTeam:00E5) Accessed None 'PawnReplicationInfo'
Warning: Freon_PRI DM-99_Seraphim_Classic_B2.Freon_PRI (Function 3SPNv3223.Freon_PRI.GetLocationNameTeam:00E5) Accessed None 'PawnReplicationInfo'
Warning: Freon_PRI DM-99_Seraphim_Classic_B2.Freon_PRI (Function 3SPNv3223.Freon_PRI.GetLocationNameTeam:00E5) Accessed None 'PawnReplicationInfo'
Warning: Freon_PRI DM-99_Seraphim_Classic_B2.Freon_PRI (Function 3SPNv3223.Freon_PRI.GetLocationNameTeam:00E5) Accessed None 'PawnReplicationInfo'
Warning: Freon_PRI DM-99_Seraphim_Classic_B2.Freon_PRI (Function 3SPNv3223.Freon_PRI.GetLocationNameTeam:00E5) Accessed None 'PawnReplicationInfo'
Warning: Freon_PRI DM-99_Seraphim_Classic_B2.Freon_PRI (Function 3SPNv3223.Freon_PRI.GetLocationNameTeam:00E5) Accessed None 'PawnReplicationInfo'
Warning: Freon_PRI DM-99_Seraphim_Classic_B2.Freon_PRI (Function 3SPNv3223.Freon_PRI.GetLocationNameTeam:00E5) Accessed None 'PawnReplicationInfo'
Warning: Freon_PRI DM-99_Seraphim_Classic_B2.Freon_PRI (Function 3SPNv3223.Freon_PRI.GetLocationNameTeam:00E5) Accessed None 'PawnReplicationInfo'
Warning: Freon_PRI DM-99_Seraphim_Classic_B2.Freon_PRI (Function 3SPNv3223.Freon_PRI.GetLocationNameTeam:00E5) Accessed None 'PawnReplicationInfo'
Warning: Freon_PRI DM-99_Seraphim_Classic_B2.Freon_PRI (Function 3SPNv3223.Freon_PRI.GetLocationNameTeam:00E5) Accessed None 'PawnReplicationInfo'
Warning: Freon_PRI DM-99_Seraphim_Classic_B2.Freon_PRI (Function 3SPNv3223.Freon_PRI.GetLocationNameTeam:00E5) Accessed None 'PawnReplicationInfo'
Warning: Freon_PRI DM-99_Seraphim_Classic_B2.Freon_PRI (Function 3SPNv3223.Freon_PRI.GetLocationNameTeam:00E5) Accessed None 'PawnReplicationInfo'
Warning: Freon_PRI DM-99_Seraphim_Classic_B2.Freon_PRI (Function 3SPNv3223.Freon_PRI.GetLocationNameTeam:00E5) Accessed None 'PawnReplicationInfo'
Warning: Freon_PRI DM-99_Seraphim_Classic_B2.Freon_PRI (Function 3SPNv3223.Freon_PRI.GetLocationNameTeam:00E5) Accessed None 'PawnReplicationInfo'
Warning: Freon_PRI DM-99_Seraphim_Classic_B2.Freon_PRI (Function 3SPNv3223.Freon_PRI.GetLocationNameTeam:00E5) Accessed None 'PawnReplicationInfo'
Warning: Freon_PRI DM-99_Seraphim_Classic_B2.Freon_PRI (Function 3SPNv3223.Freon_PRI.GetLocationNameTeam:00E5) Accessed None 'PawnReplicationInfo'
Warning: Freon_PRI DM-99_Seraphim_Classic_B2.Freon_PRI (Function 3SPNv3223.Freon_PRI.GetLocationNameTeam:00E5) Accessed None 'PawnReplicationInfo'
Warning: Freon_PRI DM-99_Seraphim_Classic_B2.Freon_PRI (Function 3SPNv3223.Freon_PRI.GetLocationNameTeam:00E5) Accessed None 'PawnReplicationInfo'
Warning: Freon_PRI DM-99_Seraphim_Classic_B2.Freon_PRI (Function 3SPNv3223.Freon_PRI.GetLocationNameTeam:00E5) Accessed None 'PawnReplicationInfo'
Warning: Freon_PRI DM-99_Seraphim_Classic_B2.Freon_PRI (Function 3SPNv3223.Freon_PRI.GetLocationNameTeam:00E5) Accessed None 'PawnReplicationInfo'
Log: Preprocessing:  Vertex stream total vertices: 86 Orig wedges: 86
ScriptLog: Attempting to close a non-existing menu page
ScriptLog: PreClientTravel
Log: Browse: 72.5.102.229/DM-2k3_Misery_B1?Name=dantalizing?Class=Engine.Pawn?Character=Torch?team=255?GAME=3SPNv3223.Freon?SpectatorOnly=1
Log: URL: Adding default option Name=dantalizing
Log: URL: Adding default option Class=Engine.Pawn
Log: URL: Adding default option Character=Torch
Log: URL: Adding default option team=255
Log: Browse: Index.ut2?closed?Name=dantalizing?Class=Engine.Pawn?Character=Torch?team=255
Log: Failed; returning to Entry
Log: GP=TRUE
Log: Spawning new actor for Viewport SDLViewport
ScriptLog: New Player dantalizing id=918aff00596bc33467ea17e67d45029d
Log: Collecting garbage
Log: Purging garbage
Log: Garbage: objects: 65610->57894; refs: 755160
Log: NetMode now NM_Client
Log: Collecting garbage
Log: Purging garbage
Log: Garbage: objects: 63603->63474; refs: 1043394
Log: Bringing Level DM-2k3_Misery_B1.myLevel up for play (90) appSeconds: 758.527746...
Log: Spawning new actor for Viewport SDLViewport
ScriptLog: New Player dantalizing id=918aff00596bc33467ea17e67d45029d
Log: Collecting garbage
Log: Purging garbage
Log: Garbage: objects: 64390->64389; refs: 1052687
Log: Freon_Player setplayer SDLViewport
Log: Precaching: DM-2k3_Misery_B1.LevelInfo0
Log: Static mesh batches: 8371692 vertex bytes, 854442 index bytes
Log: Allocating 32768 byte dynamic index buffer.
Log: Allocating 65536 byte dynamic vertex buffer.
Log: Finished precaching geometry in 0.744 seconds
Log: Finished precaching textures in 0.074 seconds
Log: Defaulting to false
ScriptLog: UT2k4Browser_ServerListPageFavorites Spawned new ServerQueryClient 'DM-2k3_Misery_B1.ServerQueryClient'
Log: Defaulting to false
ScriptLog: PreClientTravel
Log: URL: Adding default option Name=dantalizing
Log: URL: Adding default option Class=Engine.Pawn
Log: URL: Adding default option Character=Torch
Log: URL: Adding default option team=255
Log: Browse: 72.5.102.229/Index.ut2?Name=dantalizing?Class=Engine.Pawn?Character=Torch?team=255
ScriptLog: UT2k4Browser_ServerListPageFavorites Destroying ServerQueryClient 'ServerQueryClient'
NetComeGo: Close TcpipConnection 72.5.102.229:7777 Thu Mar  9 20:12:46 2017
Exit: Socket shut down
Log: (Karma): Level Karma Terminated.
Log: NetMode now NM_Client
Log: Collecting garbage
Log: Purging garbage
NetComeGo: Close TcpipConnection 72.5.102.229:7777 Thu Mar  9 20:12:47 2017
Log: (Karma): Level Karma Terminated.
Exit: Socket shut down
Log: Garbage: objects: 63892->45394; refs: 745671
Log: Bringing Level DM-2k3_Misery_B1.myLevel up for play (90) appSeconds: 782.794165...
Log: Spawning new actor for Viewport SDLViewport
ScriptLog: New Player dantalizing id=918aff00596bc33467ea17e67d45029d
Log: Collecting garbage
Log: Purging garbage
Log: Garbage: objects: 46310->46309; refs: 753259
Log: Collecting garbage
Log: Purging garbage
Log: Garbage: objects: 46308->46308; refs: 750821
Log: Freon_Player setplayer SDLViewport
Log: Precaching: DM-2k3_Misery_B1.LevelInfo0
Log: Static mesh batches: 8371692 vertex bytes, 854442 index bytes
Log: Allocating 32768 byte dynamic index buffer.
Log: Allocating 65536 byte dynamic vertex buffer.
Log: Finished precaching geometry in 0.639 seconds
Log: Finished precaching textures in 0.046 seconds
Log: Allocating 154944 byte dynamic vertex buffer.
Log: Allocating 157536 byte dynamic vertex buffer.
Log: Allocating 162432 byte dynamic vertex buffer.
Log: Allocating 169056 byte dynamic vertex buffer.
Log: Allocating 170208 byte dynamic vertex buffer.
ScriptLog: Attempting to close a non-existing menu page
ScriptLog: PreClientTravel
Log: Browse: 72.5.102.229/DM-Koden-NoBuzz?Name=dantalizing?Class=Engine.Pawn?Character=Torch?team=255?GAME=3SPNv3223.Freon
Log: URL: Adding default option Name=dantalizing
Log: URL: Adding default option Class=Engine.Pawn
Log: URL: Adding default option Character=Torch
Log: URL: Adding default option team=255
Log: Browse: Index.ut2?closed?Name=dantalizing?Class=Engine.Pawn?Character=Torch?team=255
Log: Failed; returning to Entry
Log: GP=TRUE
Log: Spawning new actor for Viewport SDLViewport
ScriptLog: New Player dantalizing id=918aff00596bc33467ea17e67d45029d
Log: Collecting garbage
Log: Purging garbage
Log: Garbage: objects: 67866->63177; refs: 992972
Log: NetMode now NM_Client
Log: Collecting garbage
Log: Purging garbage
Log: Garbage: objects: 63522->63403; refs: 999068
Log: Bringing Level DM-ServerCrashed.myLevel up for play (90) appSeconds: 2556.374750...
Log: Spawning new actor for Viewport SDLViewport
ScriptLog: New Player dantalizing id=918aff00596bc33467ea17e67d45029d
Log: Collecting garbage
Log: Purging garbage
Log: Garbage: objects: 63412->63412; refs: 1003776
Log: Freon_Player setplayer SDLViewport
Log: Precaching: DM-ServerCrashed.LevelInfo0
Log: Static mesh batches: 0 vertex bytes, 0 index bytes
Log: Allocating 32768 byte dynamic index buffer.
Log: Allocating 65536 byte dynamic vertex buffer.
Log: Finished precaching geometry in 0.002 seconds
Log: Finished precaching textures in 0.013 seconds
ScriptLog: Attempting to close a non-existing menu page
ScriptLog: PreClientTravel
Log: Browse: 72.5.102.229/DM-Koden-NoBuzz?Name=dantalizing?Class=Engine.Pawn?Character=Torch?team=255?GAME=3SPNv3223.Freon
Log: URL: Adding default option Name=dantalizing
Log: URL: Adding default option Class=Engine.Pawn
Log: URL: Adding default option Character=Torch
Log: URL: Adding default option team=255
Log: Browse: Index.ut2?closed?Name=dantalizing?Class=Engine.Pawn?Character=Torch?team=255
Log: Failed; returning to Entry
Log: GP=TRUE
Log: Spawning new actor for Viewport SDLViewport
ScriptLog: New Player dantalizing id=918aff00596bc33467ea17e67d45029d
Log: NetMode now NM_Client
Log: Collecting garbage
Log: Purging garbage
NetComeGo: Close TcpipConnection 72.5.102.229:7777 Thu Mar  9 20:42:40 2017
Log: (Karma): Level Karma Terminated.
Exit: Socket shut down
Log: Garbage: objects: 67204->66707; refs: 1132336
Log: Bringing Level DM-Koden-NoBuzz.myLevel up for play (90) appSeconds: 2576.615548...
Log: Spawning new actor for Viewport SDLViewport
ScriptLog: New Player dantalizing id=918aff00596bc33467ea17e67d45029d
Log: Collecting garbage
Log: Purging garbage
Log: Garbage: objects: 66880->66880; refs: 1137704
Log: Freon_Player setplayer SDLViewport
Log: Precaching: DM-Koden-NoBuzz.LevelInfo0
Log: Static mesh batches: 2343780 vertex bytes, 248532 index bytes
Log: Allocating 32768 byte dynamic index buffer.
Log: Allocating 65536 byte dynamic vertex buffer.
Log: Finished precaching geometry in 0.332 seconds
Log: Finished precaching textures in 0.012 seconds
Log: Allocating 185904 byte dynamic vertex buffer.
Log: Allocating 186480 byte dynamic vertex buffer.
Log: Allocating 188208 byte dynamic vertex buffer.
Log: Allocating 198144 byte dynamic vertex buffer.
Log: Allocating 200592 byte dynamic vertex buffer.
Log: Allocating 201168 byte dynamic vertex buffer.
Log: Allocating 203328 byte dynamic vertex buffer.
Log: Allocating 204336 byte dynamic vertex buffer.
Log: Allocating 212688 byte dynamic vertex buffer.
Log: Allocating 220464 byte dynamic vertex buffer.
Log: Allocating 220608 byte dynamic vertex buffer.
ScriptLog: Attempting to close a non-existing menu page
ScriptLog: PreClientTravel
Log: Browse: 72.5.102.229/DM-[M]_SimPleTown_B1?Name=dantalizing?Class=Engine.Pawn?Character=Torch?team=255?GAME=3SPNv3223.Freon
Log: URL: Adding default option Name=dantalizing
Log: URL: Adding default option Class=Engine.Pawn
Log: URL: Adding default option Character=Torch
Log: URL: Adding default option team=255
Log: Browse: Index.ut2?closed?Name=dantalizing?Class=Engine.Pawn?Character=Torch?team=255
Log: Failed; returning to Entry
Log: GP=TRUE
Log: Spawning new actor for Viewport SDLViewport
ScriptLog: New Player dantalizing id=918aff00596bc33467ea17e67d45029d
Log: Collecting garbage
Log: Purging garbage
NetComeGo: Close TcpipConnection 72.5.102.229:7777 Thu Mar  9 21:09:07 2017
NetComeGo: Close TcpipConnection 72.5.102.229:7777 Thu Mar  9 21:09:07 2017
Exit: Socket shut down
Log: (Karma): Level Karma Terminated.
Log: (Karma): Level Karma Terminated.
Exit: Socket shut down
Log: Garbage: objects: 71248->47460; refs: 558351
Log: Resolving soldenver.site.nfoservers.com...
Log: Resolved soldenver.site.nfoservers.com (208.146.35.7)
Log: NetMode now NM_Client
Log: Collecting garbage
Log: Purging garbage
Log: Garbage: objects: 48581->47928; refs: 619009
Log: Bringing Level DM-[M]_SimPleTown_B1.myLevel up for play (90) appSeconds: 4169.311982...
Log: Spawning new actor for Viewport SDLViewport
ScriptLog: New Player dantalizing id=918aff00596bc33467ea17e67d45029d
Log: Collecting garbage
Log: Purging garbage
Log: Garbage: objects: 48064->48064; refs: 622215
Log: Freon_Player setplayer SDLViewport
Log: Precaching: DM-[M]_SimPleTown_B1.LevelInfo0
Log: Static mesh batches: 0 vertex bytes, 0 index bytes
Log: Allocating 32768 byte dynamic index buffer.
Log: Allocating 65536 byte dynamic vertex buffer.
Log: Finished precaching geometry in 0.003 seconds
Log: Finished precaching textures in 0.007 seconds
Log: Allocating 214128 byte dynamic vertex buffer.
ScriptLog: Attempting to close a non-existing menu page
ScriptLog: PreClientTravel
Log: Browse: 72.5.102.229/DM-Goose][_B1?Name=dantalizing?Class=Engine.Pawn?Character=Torch?team=255?GAME=3SPNv3223.Freon
Log: URL: Adding default option Name=dantalizing
Log: URL: Adding default option Class=Engine.Pawn
Log: URL: Adding default option Character=Torch
Log: URL: Adding default option team=255
Log: Browse: Index.ut2?closed?Name=dantalizing?Class=Engine.Pawn?Character=Torch?team=255
Log: Failed; returning to Entry
Log: GP=TRUE
Log: Spawning new actor for Viewport SDLViewport
ScriptLog: New Player dantalizing id=918aff00596bc33467ea17e67d45029d
Log: Collecting garbage
Log: Purging garbage
NetComeGo: Close TcpipConnection 72.5.102.229:7777 Thu Mar  9 21:29:40 2017
Exit: Socket shut down
Log: (Karma): Level Karma Terminated.
Log: Garbage: objects: 60694->46910; refs: 556216
Log: ProcMesh 0 shared verts.
Log: ProcMesh 0 shared verts.
Log: NetMode now NM_Client
Log: Collecting garbage
Log: Purging garbage
Log: Garbage: objects: 51510->51407; refs: 864007
Log: Bringing Level DM-Goose][_B1.myLevel up for play (90) appSeconds: 5404.256988...
Log: Spawning new actor for Viewport SDLViewport
ScriptLog: New Player dantalizing id=918aff00596bc33467ea17e67d45029d
Log: Collecting garbage
Log: Purging garbage
Log: Garbage: objects: 51965->51965; refs: 868709
Log: Freon_Player setplayer SDLViewport
Log: Precaching: DM-Goose][_B1.LevelInfo0
Log: Static mesh batches: 5911740 vertex bytes, 533868 index bytes
Log: Allocating 32768 byte dynamic index buffer.
Log: Allocating 65536 byte dynamic vertex buffer.
Log: Finished precaching geometry in 0.652 seconds
Log: Finished precaching textures in 0.044 seconds
Log: appRequestExit(0)
Exit: Preparing to exit.
Log: Purging garbage
Exit: Game engine shut down
Exit: SDL client shut down
Log: Waiting for file streaming thread to finish...
Exit: OpenAL Audio subsystem shut down.
NetComeGo: Close TcpipConnection 72.5.102.229:7777 Thu Mar  9 21:57:20 2017
Exit: Socket shut down
Log: d
Log: (Karma): Level Karma Terminated.
Log: Garbage: objects: 65665->0; refs: 868709
Exit: Object subsystem successfully closed.
Exit: Exiting.
Log: FileManager: Reading 0 GByte 218 MByte 207 KByte 876 Bytes from HD took 12.388952 seconds (12.388952 reading, 0.000000 seeking).
Log: FileManager: 0.000000 seconds spent with misc. duties
Uninitialized: Name subsystem shut down
Uninitialized: Allocation checking disabled
Uninitialized: Log file closed, Thu Mar  9 21:57:20 2017
